#! /usr/bin/vvp
:ivl_version "11.0 (stable)";
:ivl_delay_selection "TYPICAL";
:vpi_time_precision - 12;
:vpi_module "/usr/lib/x86_64-linux-gnu/ivl/system.vpi";
:vpi_module "/usr/lib/x86_64-linux-gnu/ivl/vhdl_sys.vpi";
:vpi_module "/usr/lib/x86_64-linux-gnu/ivl/vhdl_textio.vpi";
:vpi_module "/usr/lib/x86_64-linux-gnu/ivl/v2005_math.vpi";
:vpi_module "/usr/lib/x86_64-linux-gnu/ivl/va_math.vpi";
S_0x55ca2be8c5a0 .scope module, "test" "test" 2 3;
 .timescale -12 -12;
v0x55ca2bf369d0_0 .var "INT", 0 0;
v0x55ca2bf36a90_0 .var "clk", 0 0;
v0x55ca2bf36b50_0 .var "myclk", 0 0;
v0x55ca2bf36bf0_0 .net "out", 15 0, v0x55ca2bf364c0_0;  1 drivers
S_0x55ca2be938a0 .scope module, "T1" "fpga_top" 2 7, 3 9 0, S_0x55ca2be8c5a0;
 .timescale 0 0;
    .port_info 0 /OUTPUT 16 "out";
    .port_info 1 /INPUT 1 "clk";
    .port_info 2 /INPUT 1 "INT";
    .port_info 3 /INPUT 1 "myclk";
v0x55ca2bf35ee0_0 .net "INT", 0 0, v0x55ca2bf369d0_0;  1 drivers
L_0x7f517bf66018 .functor BUFT 1, C4<0>, C4<0>, C4<0>, C4<0>;
v0x55ca2bf35fa0_0 .net/2u *"_ivl_2", 0 0, L_0x7f517bf66018;  1 drivers
v0x55ca2bf36080_0 .net "clk", 0 0, v0x55ca2bf36a90_0;  1 drivers
v0x55ca2bf36120_0 .var "counter", 2 0;
v0x55ca2bf36200_0 .net "fpclk", 0 0, L_0x55ca2bf36d30;  1 drivers
v0x55ca2bf362f0_0 .net "fpstate", 5 0, v0x55ca2bf24bf0_0;  1 drivers
v0x55ca2bf36400_0 .net "myclk", 0 0, v0x55ca2bf36b50_0;  1 drivers
v0x55ca2bf364c0_0 .var "out", 15 0;
v0x55ca2bf365a0_0 .net "slowclk", 0 0, L_0x55ca2bf36c90;  1 drivers
v0x55ca2bf366f0_0 .var/i "state", 31 0;
v0x55ca2bf367d0_0 .var "swit", 0 0;
v0x55ca2bf36890_0 .net "testREGval", 31 0, L_0x55ca2bf48980;  1 drivers
E_0x55ca2bdd9ac0 .event posedge, v0x55ca2bf365a0_0;
E_0x55ca2bda1720 .event posedge, v0x55ca2bf36080_0;
L_0x55ca2bf36c90 .part v0x55ca2bf36120_0, 2, 1;
L_0x55ca2bf36d30 .functor MUXZ 1, L_0x7f517bf66018, L_0x55ca2bf36c90, v0x55ca2bf367d0_0, C4<>;
S_0x55ca2be88be0 .scope module, "T" "top" 3 33, 4 1 0, S_0x55ca2be938a0;
 .timescale -12 -12;
    .port_info 0 /OUTPUT 32 "testREGval";
    .port_info 1 /OUTPUT 6 "st";
    .port_info 2 /INPUT 1 "INT";
    .port_info 3 /INPUT 1 "clk";
v0x55ca2bf34c10_0 .net "ALUOp", 3 0, L_0x55ca2bf37ce0;  1 drivers
v0x55ca2bf34cf0_0 .net "ALUin2", 1 0, L_0x55ca2bf37bb0;  1 drivers
v0x55ca2bf34db0_0 .net "BrOp", 2 0, L_0x55ca2bf37e80;  1 drivers
v0x55ca2bf34ea0_0 .net "DataSel", 0 0, L_0x55ca2bf37f20;  1 drivers
v0x55ca2bf34f40_0 .net "INT", 0 0, v0x55ca2bf369d0_0;  alias, 1 drivers
v0x55ca2bf35030_0 .net "ImmSel", 0 0, L_0x55ca2bf37a20;  1 drivers
v0x55ca2bf350d0_0 .net "InstrRead", 0 0, L_0x55ca2bf37080;  1 drivers
v0x55ca2bf35170_0 .net "MemRead", 0 0, L_0x55ca2bf380d0;  1 drivers
v0x55ca2bf35210_0 .net "MemWrite", 0 0, L_0x55ca2bf38200;  1 drivers
v0x55ca2bf35340_0 .net "PCIn", 0 0, L_0x55ca2bf36f50;  1 drivers
v0x55ca2bf353e0_0 .net "PCSel", 0 0, L_0x55ca2bf36e20;  1 drivers
v0x55ca2bf35480_0 .net "Read1Sel", 0 0, L_0x55ca2bf371b0;  1 drivers
v0x55ca2bf35520_0 .net "Read2Sel", 1 0, L_0x55ca2bf37370;  1 drivers
v0x55ca2bf355c0_0 .net "RegRead", 0 0, L_0x55ca2bf37740;  1 drivers
v0x55ca2bf35660_0 .net "RegWrite", 0 0, L_0x55ca2bf37980;  1 drivers
v0x55ca2bf35700_0 .net "WriteInfoSel", 0 0, L_0x55ca2bf37610;  1 drivers
v0x55ca2bf357a0_0 .net "WriteRegSel", 1 0, L_0x55ca2bf374a0;  1 drivers
v0x55ca2bf35860_0 .net "brsignal", 0 0, v0x55ca2bde8450_0;  1 drivers
v0x55ca2bf35900_0 .net "carry", 0 0, v0x55ca2bf318d0_0;  1 drivers
v0x55ca2bf359a0_0 .net "clk", 0 0, L_0x55ca2bf36d30;  alias, 1 drivers
v0x55ca2bf35a40_0 .net "i31_28", 3 0, L_0x55ca2bf48ea0;  1 drivers
v0x55ca2bf35b00_0 .net "i4_0", 4 0, L_0x55ca2bf48fd0;  1 drivers
v0x55ca2bf35bc0_0 .net "sign", 0 0, v0x55ca2bf319c0_0;  1 drivers
v0x55ca2bf35c60_0 .net "st", 5 0, v0x55ca2bf24bf0_0;  alias, 1 drivers
v0x55ca2bf35d20_0 .net "testREGval", 31 0, L_0x55ca2bf48980;  alias, 1 drivers
v0x55ca2bf35dc0_0 .net "zero", 0 0, v0x55ca2bf31a60_0;  1 drivers
S_0x55ca2be8a000 .scope module, "bc" "branch_control" 4 80, 5 1 0, S_0x55ca2be88be0;
 .timescale 0 0;
    .port_info 0 /OUTPUT 1 "brsignal";
    .port_info 1 /INPUT 3 "BrOp";
    .port_info 2 /INPUT 1 "zero";
    .port_info 3 /INPUT 1 "sign";
    .port_info 4 /INPUT 1 "carry";
v0x55ca2bde5ed0_0 .net "BrOp", 2 0, L_0x55ca2bf37e80;  alias, 1 drivers
v0x55ca2bde8450_0 .var "brsignal", 0 0;
v0x55ca2bde76d0_0 .net "carry", 0 0, v0x55ca2bf318d0_0;  alias, 1 drivers
v0x55ca2be22a10_0 .net "sign", 0 0, v0x55ca2bf319c0_0;  alias, 1 drivers
v0x55ca2be48550_0 .net "zero", 0 0, v0x55ca2bf31a60_0;  alias, 1 drivers
E_0x55ca2bddaab0 .event edge, v0x55ca2bde5ed0_0, v0x55ca2be22a10_0, v0x55ca2be48550_0;
S_0x55ca2bf21ff0 .scope module, "cu" "control_unit" 4 30, 6 1 0, S_0x55ca2be88be0;
 .timescale 0 0;
    .port_info 0 /OUTPUT 6 "state";
    .port_info 1 /OUTPUT 1 "PCSel";
    .port_info 2 /OUTPUT 1 "PCIn";
    .port_info 3 /OUTPUT 1 "InstrRead";
    .port_info 4 /OUTPUT 1 "Read1Sel";
    .port_info 5 /OUTPUT 2 "Read2Sel";
    .port_info 6 /OUTPUT 2 "WriteRegSel";
    .port_info 7 /OUTPUT 1 "WriteInfoSel";
    .port_info 8 /OUTPUT 1 "RegRead";
    .port_info 9 /OUTPUT 1 "RegWrite";
    .port_info 10 /OUTPUT 1 "ImmSel";
    .port_info 11 /OUTPUT 2 "ALUin2";
    .port_info 12 /OUTPUT 4 "ALUOp";
    .port_info 13 /OUTPUT 1 "DataSel";
    .port_info 14 /OUTPUT 1 "MemRead";
    .port_info 15 /OUTPUT 1 "MemWrite";
    .port_info 16 /OUTPUT 3 "BrOp";
    .port_info 17 /INPUT 1 "INT";
    .port_info 18 /INPUT 4 "opcode";
    .port_info 19 /INPUT 5 "func";
    .port_info 20 /INPUT 1 "clk";
P_0x55ca2bf221f0 .param/l "ADD" 0 6 45, C4<00000>;
P_0x55ca2bf22230 .param/l "ADDI" 0 6 54, C4<01001>;
P_0x55ca2bf22270 .param/l "ALU" 0 6 27, C4<0000>;
P_0x55ca2bf222b0 .param/l "AND" 0 6 47, C4<00010>;
P_0x55ca2bf222f0 .param/l "ANDI" 0 6 56, C4<01011>;
P_0x55ca2bf22330 .param/l "BMI" 0 6 33, C4<0110>;
P_0x55ca2bf22370 .param/l "BPL" 0 6 34, C4<0111>;
P_0x55ca2bf223b0 .param/l "BR" 0 6 32, C4<0101>;
P_0x55ca2bf223f0 .param/l "BZ" 0 6 35, C4<1000>;
P_0x55ca2bf22430 .param/l "CALL" 0 6 38, C4<1011>;
P_0x55ca2bf22470 .param/l "HALT" 0 6 41, C4<1110>;
P_0x55ca2bf224b0 .param/l "LD" 0 6 28, C4<0001>;
P_0x55ca2bf224f0 .param/l "LDSP" 0 6 30, C4<0011>;
P_0x55ca2bf22530 .param/l "MOVE" 0 6 40, C4<1101>;
P_0x55ca2bf22570 .param/l "NOP" 0 6 42, C4<1111>;
P_0x55ca2bf225b0 .param/l "NOT" 0 6 50, C4<00101>;
P_0x55ca2bf225f0 .param/l "NOTI" 0 6 59, C4<01110>;
P_0x55ca2bf22630 .param/l "OR" 0 6 48, C4<00011>;
P_0x55ca2bf22670 .param/l "ORI" 0 6 57, C4<01100>;
P_0x55ca2bf226b0 .param/l "POP" 0 6 37, C4<1010>;
P_0x55ca2bf226f0 .param/l "PUSH" 0 6 36, C4<1001>;
P_0x55ca2bf22730 .param/l "RET" 0 6 39, C4<1100>;
P_0x55ca2bf22770 .param/l "SLA" 0 6 51, C4<00110>;
P_0x55ca2bf227b0 .param/l "SLAI" 0 6 60, C4<01111>;
P_0x55ca2bf227f0 .param/l "SRA" 0 6 52, C4<00111>;
P_0x55ca2bf22830 .param/l "SRAI" 0 6 61, C4<10000>;
P_0x55ca2bf22870 .param/l "SRL" 0 6 53, C4<01000>;
P_0x55ca2bf228b0 .param/l "SRLI" 0 6 62, C4<10001>;
P_0x55ca2bf228f0 .param/l "ST" 0 6 29, C4<0010>;
P_0x55ca2bf22930 .param/l "STSP" 0 6 31, C4<0100>;
P_0x55ca2bf22970 .param/l "SUB" 0 6 46, C4<00001>;
P_0x55ca2bf229b0 .param/l "SUBI" 0 6 55, C4<01010>;
P_0x55ca2bf229f0 .param/l "XOR" 0 6 49, C4<00100>;
P_0x55ca2bf22a30 .param/l "XORI" 0 6 58, C4<01101>;
v0x55ca2be90430_0 .net "ALUOp", 3 0, L_0x55ca2bf37ce0;  alias, 1 drivers
v0x55ca2be742d0_0 .net "ALUin2", 1 0, L_0x55ca2bf37bb0;  alias, 1 drivers
v0x55ca2bf23c20_0 .net "BrOp", 2 0, L_0x55ca2bf37e80;  alias, 1 drivers
v0x55ca2bf23cc0_0 .net "DataSel", 0 0, L_0x55ca2bf37f20;  alias, 1 drivers
v0x55ca2bf23d60_0 .net "INT", 0 0, v0x55ca2bf369d0_0;  alias, 1 drivers
v0x55ca2bf23e70_0 .net "ImmSel", 0 0, L_0x55ca2bf37a20;  alias, 1 drivers
v0x55ca2bf23f30_0 .net "InstrRead", 0 0, L_0x55ca2bf37080;  alias, 1 drivers
v0x55ca2bf23ff0_0 .net "MemRead", 0 0, L_0x55ca2bf380d0;  alias, 1 drivers
v0x55ca2bf240b0_0 .net "MemWrite", 0 0, L_0x55ca2bf38200;  alias, 1 drivers
v0x55ca2bf24170_0 .net "PCIn", 0 0, L_0x55ca2bf36f50;  alias, 1 drivers
v0x55ca2bf24230_0 .net "PCSel", 0 0, L_0x55ca2bf36e20;  alias, 1 drivers
v0x55ca2bf242f0_0 .net "Read1Sel", 0 0, L_0x55ca2bf371b0;  alias, 1 drivers
v0x55ca2bf243b0_0 .net "Read2Sel", 1 0, L_0x55ca2bf37370;  alias, 1 drivers
v0x55ca2bf24490_0 .net "RegRead", 0 0, L_0x55ca2bf37740;  alias, 1 drivers
v0x55ca2bf24550_0 .net "RegWrite", 0 0, L_0x55ca2bf37980;  alias, 1 drivers
v0x55ca2bf24610_0 .net "WriteInfoSel", 0 0, L_0x55ca2bf37610;  alias, 1 drivers
v0x55ca2bf246d0_0 .net "WriteRegSel", 1 0, L_0x55ca2bf374a0;  alias, 1 drivers
v0x55ca2bf247b0_0 .net *"_ivl_18", 23 0, v0x55ca2bf24950_0;  1 drivers
v0x55ca2bf24890_0 .net "clk", 0 0, L_0x55ca2bf36d30;  alias, 1 drivers
v0x55ca2bf24950_0 .var "combine", 23 0;
v0x55ca2bf24a30_0 .net "func", 4 0, L_0x55ca2bf48fd0;  alias, 1 drivers
v0x55ca2bf24b10_0 .net "opcode", 3 0, L_0x55ca2bf48ea0;  alias, 1 drivers
v0x55ca2bf24bf0_0 .var "state", 5 0;
E_0x55ca2bdc49b0 .event posedge, v0x55ca2bf24890_0;
L_0x55ca2bf36e20 .part v0x55ca2bf24950_0, 23, 1;
L_0x55ca2bf36f50 .part v0x55ca2bf24950_0, 22, 1;
L_0x55ca2bf37080 .part v0x55ca2bf24950_0, 21, 1;
L_0x55ca2bf371b0 .part v0x55ca2bf24950_0, 20, 1;
L_0x55ca2bf37370 .part v0x55ca2bf24950_0, 18, 2;
L_0x55ca2bf374a0 .part v0x55ca2bf24950_0, 16, 2;
L_0x55ca2bf37610 .part v0x55ca2bf24950_0, 15, 1;
L_0x55ca2bf37740 .part v0x55ca2bf24950_0, 14, 1;
L_0x55ca2bf37980 .part v0x55ca2bf24950_0, 13, 1;
L_0x55ca2bf37a20 .part v0x55ca2bf24950_0, 12, 1;
L_0x55ca2bf37bb0 .part v0x55ca2bf24950_0, 10, 2;
L_0x55ca2bf37ce0 .part v0x55ca2bf24950_0, 6, 4;
L_0x55ca2bf37e80 .part v0x55ca2bf24950_0, 3, 3;
L_0x55ca2bf37f20 .part v0x55ca2bf24950_0, 2, 1;
L_0x55ca2bf380d0 .part v0x55ca2bf24950_0, 1, 1;
L_0x55ca2bf38200 .part v0x55ca2bf24950_0, 0, 1;
S_0x55ca2bf25020 .scope module, "dp" "data_path" 4 54, 7 1 0, S_0x55ca2be88be0;
 .timescale 0 0;
    .port_info 0 /OUTPUT 4 "i31_28";
    .port_info 1 /OUTPUT 5 "i4_0";
    .port_info 2 /OUTPUT 1 "zero";
    .port_info 3 /OUTPUT 1 "sign";
    .port_info 4 /OUTPUT 1 "carry";
    .port_info 5 /OUTPUT 32 "testREGval";
    .port_info 6 /INPUT 1 "PCSel";
    .port_info 7 /INPUT 1 "PCIn";
    .port_info 8 /INPUT 1 "InstrRead";
    .port_info 9 /INPUT 1 "Read1Sel";
    .port_info 10 /INPUT 2 "Read2Sel";
    .port_info 11 /INPUT 2 "WriteRegSel";
    .port_info 12 /INPUT 1 "WriteInfoSel";
    .port_info 13 /INPUT 1 "RegRead";
    .port_info 14 /INPUT 1 "RegWrite";
    .port_info 15 /INPUT 1 "ImmSel";
    .port_info 16 /INPUT 2 "ALUin2";
    .port_info 17 /INPUT 4 "ALUOp";
    .port_info 18 /INPUT 1 "DataSel";
    .port_info 19 /INPUT 1 "MemRead";
    .port_info 20 /INPUT 1 "MemWrite";
    .port_info 21 /INPUT 1 "brsignal";
    .port_info 22 /INPUT 1 "clk";
v0x55ca2bf31bd0_0 .net "ALUIN2val", 31 0, L_0x55ca2bf4b5c0;  1 drivers
v0x55ca2bf31d00_0 .net "ALUOp", 3 0, L_0x55ca2bf37ce0;  alias, 1 drivers
v0x55ca2bf31e10_0 .net "ALUin2", 1 0, L_0x55ca2bf37bb0;  alias, 1 drivers
v0x55ca2bf31f00_0 .net "ALUval", 31 0, v0x55ca2bf317e0_0;  1 drivers
v0x55ca2bf31fc0_0 .net "BRSIGNALval", 31 0, L_0x55ca2bf48ce0;  1 drivers
v0x55ca2bf32120_0 .net "DATAMEMval", 31 0, v0x55ca2bf25ac0_0;  1 drivers
v0x55ca2bf321e0_0 .net "DATASELval", 31 0, L_0x55ca2bf4ba00;  1 drivers
v0x55ca2bf322f0_0 .net "DataSel", 0 0, L_0x55ca2bf37f20;  alias, 1 drivers
v0x55ca2bf323e0_0 .net "IMMSELval", 31 0, L_0x55ca2bf4abf0;  1 drivers
v0x55ca2bf324a0_0 .net "ImmSel", 0 0, L_0x55ca2bf37a20;  alias, 1 drivers
v0x55ca2bf32540_0 .net "InstrRead", 0 0, L_0x55ca2bf37080;  alias, 1 drivers
v0x55ca2bf32630_0 .net "MemRead", 0 0, L_0x55ca2bf380d0;  alias, 1 drivers
v0x55ca2bf32720_0 .net "MemWrite", 0 0, L_0x55ca2bf38200;  alias, 1 drivers
v0x55ca2bf32810_0 .net "PCADDERval", 31 0, L_0x55ca2bf488e0;  1 drivers
v0x55ca2bf32920_0 .net "PCIn", 0 0, L_0x55ca2bf36f50;  alias, 1 drivers
v0x55ca2bf32a10_0 .net "PCSELval", 31 0, L_0x55ca2bf48720;  1 drivers
v0x55ca2bf32ad0_0 .net "PCSel", 0 0, L_0x55ca2bf36e20;  alias, 1 drivers
v0x55ca2bf32cd0_0 .net "PCval", 31 0, v0x55ca2bf2eac0_0;  1 drivers
v0x55ca2bf32d90_0 .net "READ1SELval", 4 0, L_0x55ca2bf49fb0;  1 drivers
v0x55ca2bf32e50_0 .net "READ2SELval", 4 0, L_0x55ca2bf49dd0;  1 drivers
v0x55ca2bf32f60_0 .net "READREG1val", 31 0, v0x55ca2bf2fb30_0;  1 drivers
v0x55ca2bf33070_0 .net "READREG2val", 31 0, v0x55ca2bf2fc10_0;  1 drivers
v0x55ca2bf33130_0 .net "Read1Sel", 0 0, L_0x55ca2bf371b0;  alias, 1 drivers
v0x55ca2bf33220_0 .net "Read2Sel", 1 0, L_0x55ca2bf37370;  alias, 1 drivers
v0x55ca2bf33330_0 .net "RegRead", 0 0, L_0x55ca2bf37740;  alias, 1 drivers
v0x55ca2bf33420_0 .net "RegWrite", 0 0, L_0x55ca2bf37980;  alias, 1 drivers
v0x55ca2bf33510_0 .net "SIGNEX1832val", 31 0, L_0x55ca2bf49980;  1 drivers
v0x55ca2bf33620_0 .net "SIGNEX2832val", 31 0, L_0x55ca2bf49680;  1 drivers
v0x55ca2bf33730_0 .net "WRITEINFOSELval", 31 0, L_0x55ca2bf4af40;  1 drivers
v0x55ca2bf33840_0 .net "WRITEREGSELval", 4 0, L_0x55ca2bf4a890;  1 drivers
v0x55ca2bf33950_0 .net "WriteInfoSel", 0 0, L_0x55ca2bf37610;  alias, 1 drivers
v0x55ca2bf33a40_0 .net "WriteRegSel", 1 0, L_0x55ca2bf374a0;  alias, 1 drivers
v0x55ca2bf33b50_0 .net "brsignal", 0 0, v0x55ca2bde8450_0;  alias, 1 drivers
v0x55ca2bf33e50_0 .net "carry", 0 0, v0x55ca2bf318d0_0;  alias, 1 drivers
v0x55ca2bf33f40_0 .net "clk", 0 0, L_0x55ca2bf36d30;  alias, 1 drivers
v0x55ca2bf33fe0_0 .net "i17_13", 4 0, L_0x55ca2bf49240;  1 drivers
v0x55ca2bf340f0_0 .net "i22_18", 4 0, L_0x55ca2bf49110;  1 drivers
v0x55ca2bf34200_0 .net "i22_5", 17 0, L_0x55ca2bf49380;  1 drivers
v0x55ca2bf34310_0 .net "i27_0", 27 0, L_0x55ca2bf492e0;  1 drivers
v0x55ca2bf34420_0 .net "i27_23", 4 0, L_0x55ca2bf49070;  1 drivers
v0x55ca2bf34530_0 .net "i31_28", 3 0, L_0x55ca2bf48ea0;  alias, 1 drivers
v0x55ca2bf34640_0 .net "i4_0", 4 0, L_0x55ca2bf48fd0;  alias, 1 drivers
v0x55ca2bf34700_0 .net "sign", 0 0, v0x55ca2bf319c0_0;  alias, 1 drivers
v0x55ca2bf347a0_0 .net "testREGval", 31 0, L_0x55ca2bf48980;  alias, 1 drivers
v0x55ca2bf34860_0 .net "zero", 0 0, v0x55ca2bf31a60_0;  alias, 1 drivers
S_0x55ca2bf253e0 .scope module, "DATAMEM" "data_mem" 7 181, 8 1 0, S_0x55ca2bf25020;
 .timescale 0 0;
    .port_info 0 /OUTPUT 32 "out";
    .port_info 1 /INPUT 32 "in_add";
    .port_info 2 /INPUT 32 "in_data";
    .port_info 3 /INPUT 1 "MemRead";
    .port_info 4 /INPUT 1 "MemWrite";
v0x55ca2bf25640_0 .net "MemRead", 0 0, L_0x55ca2bf380d0;  alias, 1 drivers
v0x55ca2bf25730_0 .net "MemWrite", 0 0, L_0x55ca2bf38200;  alias, 1 drivers
v0x55ca2bf25800_0 .net "in_add", 31 0, v0x55ca2bf317e0_0;  alias, 1 drivers
v0x55ca2bf258d0_0 .net "in_data", 31 0, L_0x55ca2bf4ba00;  alias, 1 drivers
v0x55ca2bf25990_0 .var "mem", 0 65535;
v0x55ca2bf25ac0_0 .var "out", 31 0;
E_0x55ca2bea0150/0 .event edge, v0x55ca2bf23ff0_0, v0x55ca2bf25800_0, v0x55ca2bf25990_0, v0x55ca2bf240b0_0;
E_0x55ca2bea0150/1 .event edge, v0x55ca2bf258d0_0;
E_0x55ca2bea0150 .event/or E_0x55ca2bea0150/0, E_0x55ca2bea0150/1;
S_0x55ca2bf25c40 .scope module, "INSTRMEM" "instr_mem" 7 83, 9 1 0, S_0x55ca2bf25020;
 .timescale 0 0;
    .port_info 0 /OUTPUT 4 "i31_28";
    .port_info 1 /OUTPUT 5 "i4_0";
    .port_info 2 /OUTPUT 5 "i27_23";
    .port_info 3 /OUTPUT 5 "i22_18";
    .port_info 4 /OUTPUT 5 "i17_13";
    .port_info 5 /OUTPUT 28 "i27_0";
    .port_info 6 /OUTPUT 18 "i22_5";
    .port_info 7 /INPUT 32 "instr_add";
    .port_info 8 /INPUT 1 "InstrRead";
v0x55ca2bf26390_0 .net "InstrRead", 0 0, L_0x55ca2bf37080;  alias, 1 drivers
v0x55ca2bf26450_0 .net "i17_13", 4 0, L_0x55ca2bf49240;  alias, 1 drivers
v0x55ca2bf26510_0 .net "i22_18", 4 0, L_0x55ca2bf49110;  alias, 1 drivers
v0x55ca2bf26600_0 .net "i22_5", 17 0, L_0x55ca2bf49380;  alias, 1 drivers
v0x55ca2bf266e0_0 .net "i27_0", 27 0, L_0x55ca2bf492e0;  alias, 1 drivers
v0x55ca2bf26810_0 .net "i27_23", 4 0, L_0x55ca2bf49070;  alias, 1 drivers
v0x55ca2bf268f0_0 .net "i31_28", 3 0, L_0x55ca2bf48ea0;  alias, 1 drivers
v0x55ca2bf269b0_0 .net "i4_0", 4 0, L_0x55ca2bf48fd0;  alias, 1 drivers
v0x55ca2bf26a80_0 .net "instr_add", 31 0, v0x55ca2bf2eac0_0;  alias, 1 drivers
v0x55ca2bf26b40 .array "mem", 127 0, 7 0;
v0x55ca2bf27c00_0 .var "readreg", 31 0;
v0x55ca2bf26b40_0 .array/port v0x55ca2bf26b40, 0;
v0x55ca2bf26b40_1 .array/port v0x55ca2bf26b40, 1;
E_0x55ca2bea0310/0 .event edge, v0x55ca2bf23f30_0, v0x55ca2bf26a80_0, v0x55ca2bf26b40_0, v0x55ca2bf26b40_1;
v0x55ca2bf26b40_2 .array/port v0x55ca2bf26b40, 2;
v0x55ca2bf26b40_3 .array/port v0x55ca2bf26b40, 3;
v0x55ca2bf26b40_4 .array/port v0x55ca2bf26b40, 4;
v0x55ca2bf26b40_5 .array/port v0x55ca2bf26b40, 5;
E_0x55ca2bea0310/1 .event edge, v0x55ca2bf26b40_2, v0x55ca2bf26b40_3, v0x55ca2bf26b40_4, v0x55ca2bf26b40_5;
v0x55ca2bf26b40_6 .array/port v0x55ca2bf26b40, 6;
v0x55ca2bf26b40_7 .array/port v0x55ca2bf26b40, 7;
v0x55ca2bf26b40_8 .array/port v0x55ca2bf26b40, 8;
v0x55ca2bf26b40_9 .array/port v0x55ca2bf26b40, 9;
E_0x55ca2bea0310/2 .event edge, v0x55ca2bf26b40_6, v0x55ca2bf26b40_7, v0x55ca2bf26b40_8, v0x55ca2bf26b40_9;
v0x55ca2bf26b40_10 .array/port v0x55ca2bf26b40, 10;
v0x55ca2bf26b40_11 .array/port v0x55ca2bf26b40, 11;
v0x55ca2bf26b40_12 .array/port v0x55ca2bf26b40, 12;
v0x55ca2bf26b40_13 .array/port v0x55ca2bf26b40, 13;
E_0x55ca2bea0310/3 .event edge, v0x55ca2bf26b40_10, v0x55ca2bf26b40_11, v0x55ca2bf26b40_12, v0x55ca2bf26b40_13;
v0x55ca2bf26b40_14 .array/port v0x55ca2bf26b40, 14;
v0x55ca2bf26b40_15 .array/port v0x55ca2bf26b40, 15;
v0x55ca2bf26b40_16 .array/port v0x55ca2bf26b40, 16;
v0x55ca2bf26b40_17 .array/port v0x55ca2bf26b40, 17;
E_0x55ca2bea0310/4 .event edge, v0x55ca2bf26b40_14, v0x55ca2bf26b40_15, v0x55ca2bf26b40_16, v0x55ca2bf26b40_17;
v0x55ca2bf26b40_18 .array/port v0x55ca2bf26b40, 18;
v0x55ca2bf26b40_19 .array/port v0x55ca2bf26b40, 19;
v0x55ca2bf26b40_20 .array/port v0x55ca2bf26b40, 20;
v0x55ca2bf26b40_21 .array/port v0x55ca2bf26b40, 21;
E_0x55ca2bea0310/5 .event edge, v0x55ca2bf26b40_18, v0x55ca2bf26b40_19, v0x55ca2bf26b40_20, v0x55ca2bf26b40_21;
v0x55ca2bf26b40_22 .array/port v0x55ca2bf26b40, 22;
v0x55ca2bf26b40_23 .array/port v0x55ca2bf26b40, 23;
v0x55ca2bf26b40_24 .array/port v0x55ca2bf26b40, 24;
v0x55ca2bf26b40_25 .array/port v0x55ca2bf26b40, 25;
E_0x55ca2bea0310/6 .event edge, v0x55ca2bf26b40_22, v0x55ca2bf26b40_23, v0x55ca2bf26b40_24, v0x55ca2bf26b40_25;
v0x55ca2bf26b40_26 .array/port v0x55ca2bf26b40, 26;
v0x55ca2bf26b40_27 .array/port v0x55ca2bf26b40, 27;
v0x55ca2bf26b40_28 .array/port v0x55ca2bf26b40, 28;
v0x55ca2bf26b40_29 .array/port v0x55ca2bf26b40, 29;
E_0x55ca2bea0310/7 .event edge, v0x55ca2bf26b40_26, v0x55ca2bf26b40_27, v0x55ca2bf26b40_28, v0x55ca2bf26b40_29;
v0x55ca2bf26b40_30 .array/port v0x55ca2bf26b40, 30;
v0x55ca2bf26b40_31 .array/port v0x55ca2bf26b40, 31;
v0x55ca2bf26b40_32 .array/port v0x55ca2bf26b40, 32;
v0x55ca2bf26b40_33 .array/port v0x55ca2bf26b40, 33;
E_0x55ca2bea0310/8 .event edge, v0x55ca2bf26b40_30, v0x55ca2bf26b40_31, v0x55ca2bf26b40_32, v0x55ca2bf26b40_33;
v0x55ca2bf26b40_34 .array/port v0x55ca2bf26b40, 34;
v0x55ca2bf26b40_35 .array/port v0x55ca2bf26b40, 35;
v0x55ca2bf26b40_36 .array/port v0x55ca2bf26b40, 36;
v0x55ca2bf26b40_37 .array/port v0x55ca2bf26b40, 37;
E_0x55ca2bea0310/9 .event edge, v0x55ca2bf26b40_34, v0x55ca2bf26b40_35, v0x55ca2bf26b40_36, v0x55ca2bf26b40_37;
v0x55ca2bf26b40_38 .array/port v0x55ca2bf26b40, 38;
v0x55ca2bf26b40_39 .array/port v0x55ca2bf26b40, 39;
v0x55ca2bf26b40_40 .array/port v0x55ca2bf26b40, 40;
v0x55ca2bf26b40_41 .array/port v0x55ca2bf26b40, 41;
E_0x55ca2bea0310/10 .event edge, v0x55ca2bf26b40_38, v0x55ca2bf26b40_39, v0x55ca2bf26b40_40, v0x55ca2bf26b40_41;
v0x55ca2bf26b40_42 .array/port v0x55ca2bf26b40, 42;
v0x55ca2bf26b40_43 .array/port v0x55ca2bf26b40, 43;
v0x55ca2bf26b40_44 .array/port v0x55ca2bf26b40, 44;
v0x55ca2bf26b40_45 .array/port v0x55ca2bf26b40, 45;
E_0x55ca2bea0310/11 .event edge, v0x55ca2bf26b40_42, v0x55ca2bf26b40_43, v0x55ca2bf26b40_44, v0x55ca2bf26b40_45;
v0x55ca2bf26b40_46 .array/port v0x55ca2bf26b40, 46;
v0x55ca2bf26b40_47 .array/port v0x55ca2bf26b40, 47;
v0x55ca2bf26b40_48 .array/port v0x55ca2bf26b40, 48;
v0x55ca2bf26b40_49 .array/port v0x55ca2bf26b40, 49;
E_0x55ca2bea0310/12 .event edge, v0x55ca2bf26b40_46, v0x55ca2bf26b40_47, v0x55ca2bf26b40_48, v0x55ca2bf26b40_49;
v0x55ca2bf26b40_50 .array/port v0x55ca2bf26b40, 50;
v0x55ca2bf26b40_51 .array/port v0x55ca2bf26b40, 51;
v0x55ca2bf26b40_52 .array/port v0x55ca2bf26b40, 52;
v0x55ca2bf26b40_53 .array/port v0x55ca2bf26b40, 53;
E_0x55ca2bea0310/13 .event edge, v0x55ca2bf26b40_50, v0x55ca2bf26b40_51, v0x55ca2bf26b40_52, v0x55ca2bf26b40_53;
v0x55ca2bf26b40_54 .array/port v0x55ca2bf26b40, 54;
v0x55ca2bf26b40_55 .array/port v0x55ca2bf26b40, 55;
v0x55ca2bf26b40_56 .array/port v0x55ca2bf26b40, 56;
v0x55ca2bf26b40_57 .array/port v0x55ca2bf26b40, 57;
E_0x55ca2bea0310/14 .event edge, v0x55ca2bf26b40_54, v0x55ca2bf26b40_55, v0x55ca2bf26b40_56, v0x55ca2bf26b40_57;
v0x55ca2bf26b40_58 .array/port v0x55ca2bf26b40, 58;
v0x55ca2bf26b40_59 .array/port v0x55ca2bf26b40, 59;
v0x55ca2bf26b40_60 .array/port v0x55ca2bf26b40, 60;
v0x55ca2bf26b40_61 .array/port v0x55ca2bf26b40, 61;
E_0x55ca2bea0310/15 .event edge, v0x55ca2bf26b40_58, v0x55ca2bf26b40_59, v0x55ca2bf26b40_60, v0x55ca2bf26b40_61;
v0x55ca2bf26b40_62 .array/port v0x55ca2bf26b40, 62;
v0x55ca2bf26b40_63 .array/port v0x55ca2bf26b40, 63;
v0x55ca2bf26b40_64 .array/port v0x55ca2bf26b40, 64;
v0x55ca2bf26b40_65 .array/port v0x55ca2bf26b40, 65;
E_0x55ca2bea0310/16 .event edge, v0x55ca2bf26b40_62, v0x55ca2bf26b40_63, v0x55ca2bf26b40_64, v0x55ca2bf26b40_65;
v0x55ca2bf26b40_66 .array/port v0x55ca2bf26b40, 66;
v0x55ca2bf26b40_67 .array/port v0x55ca2bf26b40, 67;
v0x55ca2bf26b40_68 .array/port v0x55ca2bf26b40, 68;
v0x55ca2bf26b40_69 .array/port v0x55ca2bf26b40, 69;
E_0x55ca2bea0310/17 .event edge, v0x55ca2bf26b40_66, v0x55ca2bf26b40_67, v0x55ca2bf26b40_68, v0x55ca2bf26b40_69;
v0x55ca2bf26b40_70 .array/port v0x55ca2bf26b40, 70;
v0x55ca2bf26b40_71 .array/port v0x55ca2bf26b40, 71;
v0x55ca2bf26b40_72 .array/port v0x55ca2bf26b40, 72;
v0x55ca2bf26b40_73 .array/port v0x55ca2bf26b40, 73;
E_0x55ca2bea0310/18 .event edge, v0x55ca2bf26b40_70, v0x55ca2bf26b40_71, v0x55ca2bf26b40_72, v0x55ca2bf26b40_73;
v0x55ca2bf26b40_74 .array/port v0x55ca2bf26b40, 74;
v0x55ca2bf26b40_75 .array/port v0x55ca2bf26b40, 75;
v0x55ca2bf26b40_76 .array/port v0x55ca2bf26b40, 76;
v0x55ca2bf26b40_77 .array/port v0x55ca2bf26b40, 77;
E_0x55ca2bea0310/19 .event edge, v0x55ca2bf26b40_74, v0x55ca2bf26b40_75, v0x55ca2bf26b40_76, v0x55ca2bf26b40_77;
v0x55ca2bf26b40_78 .array/port v0x55ca2bf26b40, 78;
v0x55ca2bf26b40_79 .array/port v0x55ca2bf26b40, 79;
v0x55ca2bf26b40_80 .array/port v0x55ca2bf26b40, 80;
v0x55ca2bf26b40_81 .array/port v0x55ca2bf26b40, 81;
E_0x55ca2bea0310/20 .event edge, v0x55ca2bf26b40_78, v0x55ca2bf26b40_79, v0x55ca2bf26b40_80, v0x55ca2bf26b40_81;
v0x55ca2bf26b40_82 .array/port v0x55ca2bf26b40, 82;
v0x55ca2bf26b40_83 .array/port v0x55ca2bf26b40, 83;
v0x55ca2bf26b40_84 .array/port v0x55ca2bf26b40, 84;
v0x55ca2bf26b40_85 .array/port v0x55ca2bf26b40, 85;
E_0x55ca2bea0310/21 .event edge, v0x55ca2bf26b40_82, v0x55ca2bf26b40_83, v0x55ca2bf26b40_84, v0x55ca2bf26b40_85;
v0x55ca2bf26b40_86 .array/port v0x55ca2bf26b40, 86;
v0x55ca2bf26b40_87 .array/port v0x55ca2bf26b40, 87;
v0x55ca2bf26b40_88 .array/port v0x55ca2bf26b40, 88;
v0x55ca2bf26b40_89 .array/port v0x55ca2bf26b40, 89;
E_0x55ca2bea0310/22 .event edge, v0x55ca2bf26b40_86, v0x55ca2bf26b40_87, v0x55ca2bf26b40_88, v0x55ca2bf26b40_89;
v0x55ca2bf26b40_90 .array/port v0x55ca2bf26b40, 90;
v0x55ca2bf26b40_91 .array/port v0x55ca2bf26b40, 91;
v0x55ca2bf26b40_92 .array/port v0x55ca2bf26b40, 92;
v0x55ca2bf26b40_93 .array/port v0x55ca2bf26b40, 93;
E_0x55ca2bea0310/23 .event edge, v0x55ca2bf26b40_90, v0x55ca2bf26b40_91, v0x55ca2bf26b40_92, v0x55ca2bf26b40_93;
v0x55ca2bf26b40_94 .array/port v0x55ca2bf26b40, 94;
v0x55ca2bf26b40_95 .array/port v0x55ca2bf26b40, 95;
v0x55ca2bf26b40_96 .array/port v0x55ca2bf26b40, 96;
v0x55ca2bf26b40_97 .array/port v0x55ca2bf26b40, 97;
E_0x55ca2bea0310/24 .event edge, v0x55ca2bf26b40_94, v0x55ca2bf26b40_95, v0x55ca2bf26b40_96, v0x55ca2bf26b40_97;
v0x55ca2bf26b40_98 .array/port v0x55ca2bf26b40, 98;
v0x55ca2bf26b40_99 .array/port v0x55ca2bf26b40, 99;
v0x55ca2bf26b40_100 .array/port v0x55ca2bf26b40, 100;
v0x55ca2bf26b40_101 .array/port v0x55ca2bf26b40, 101;
E_0x55ca2bea0310/25 .event edge, v0x55ca2bf26b40_98, v0x55ca2bf26b40_99, v0x55ca2bf26b40_100, v0x55ca2bf26b40_101;
v0x55ca2bf26b40_102 .array/port v0x55ca2bf26b40, 102;
v0x55ca2bf26b40_103 .array/port v0x55ca2bf26b40, 103;
v0x55ca2bf26b40_104 .array/port v0x55ca2bf26b40, 104;
v0x55ca2bf26b40_105 .array/port v0x55ca2bf26b40, 105;
E_0x55ca2bea0310/26 .event edge, v0x55ca2bf26b40_102, v0x55ca2bf26b40_103, v0x55ca2bf26b40_104, v0x55ca2bf26b40_105;
v0x55ca2bf26b40_106 .array/port v0x55ca2bf26b40, 106;
v0x55ca2bf26b40_107 .array/port v0x55ca2bf26b40, 107;
v0x55ca2bf26b40_108 .array/port v0x55ca2bf26b40, 108;
v0x55ca2bf26b40_109 .array/port v0x55ca2bf26b40, 109;
E_0x55ca2bea0310/27 .event edge, v0x55ca2bf26b40_106, v0x55ca2bf26b40_107, v0x55ca2bf26b40_108, v0x55ca2bf26b40_109;
v0x55ca2bf26b40_110 .array/port v0x55ca2bf26b40, 110;
v0x55ca2bf26b40_111 .array/port v0x55ca2bf26b40, 111;
v0x55ca2bf26b40_112 .array/port v0x55ca2bf26b40, 112;
v0x55ca2bf26b40_113 .array/port v0x55ca2bf26b40, 113;
E_0x55ca2bea0310/28 .event edge, v0x55ca2bf26b40_110, v0x55ca2bf26b40_111, v0x55ca2bf26b40_112, v0x55ca2bf26b40_113;
v0x55ca2bf26b40_114 .array/port v0x55ca2bf26b40, 114;
v0x55ca2bf26b40_115 .array/port v0x55ca2bf26b40, 115;
v0x55ca2bf26b40_116 .array/port v0x55ca2bf26b40, 116;
v0x55ca2bf26b40_117 .array/port v0x55ca2bf26b40, 117;
E_0x55ca2bea0310/29 .event edge, v0x55ca2bf26b40_114, v0x55ca2bf26b40_115, v0x55ca2bf26b40_116, v0x55ca2bf26b40_117;
v0x55ca2bf26b40_118 .array/port v0x55ca2bf26b40, 118;
v0x55ca2bf26b40_119 .array/port v0x55ca2bf26b40, 119;
v0x55ca2bf26b40_120 .array/port v0x55ca2bf26b40, 120;
v0x55ca2bf26b40_121 .array/port v0x55ca2bf26b40, 121;
E_0x55ca2bea0310/30 .event edge, v0x55ca2bf26b40_118, v0x55ca2bf26b40_119, v0x55ca2bf26b40_120, v0x55ca2bf26b40_121;
v0x55ca2bf26b40_122 .array/port v0x55ca2bf26b40, 122;
v0x55ca2bf26b40_123 .array/port v0x55ca2bf26b40, 123;
v0x55ca2bf26b40_124 .array/port v0x55ca2bf26b40, 124;
v0x55ca2bf26b40_125 .array/port v0x55ca2bf26b40, 125;
E_0x55ca2bea0310/31 .event edge, v0x55ca2bf26b40_122, v0x55ca2bf26b40_123, v0x55ca2bf26b40_124, v0x55ca2bf26b40_125;
v0x55ca2bf26b40_126 .array/port v0x55ca2bf26b40, 126;
v0x55ca2bf26b40_127 .array/port v0x55ca2bf26b40, 127;
E_0x55ca2bea0310/32 .event edge, v0x55ca2bf26b40_126, v0x55ca2bf26b40_127;
E_0x55ca2bea0310 .event/or E_0x55ca2bea0310/0, E_0x55ca2bea0310/1, E_0x55ca2bea0310/2, E_0x55ca2bea0310/3, E_0x55ca2bea0310/4, E_0x55ca2bea0310/5, E_0x55ca2bea0310/6, E_0x55ca2bea0310/7, E_0x55ca2bea0310/8, E_0x55ca2bea0310/9, E_0x55ca2bea0310/10, E_0x55ca2bea0310/11, E_0x55ca2bea0310/12, E_0x55ca2bea0310/13, E_0x55ca2bea0310/14, E_0x55ca2bea0310/15, E_0x55ca2bea0310/16, E_0x55ca2bea0310/17, E_0x55ca2bea0310/18, E_0x55ca2bea0310/19, E_0x55ca2bea0310/20, E_0x55ca2bea0310/21, E_0x55ca2bea0310/22, E_0x55ca2bea0310/23, E_0x55ca2bea0310/24, E_0x55ca2bea0310/25, E_0x55ca2bea0310/26, E_0x55ca2bea0310/27, E_0x55ca2bea0310/28, E_0x55ca2bea0310/29, E_0x55ca2bea0310/30, E_0x55ca2bea0310/31, E_0x55ca2bea0310/32;
L_0x55ca2bf48ea0 .part v0x55ca2bf27c00_0, 28, 4;
L_0x55ca2bf48fd0 .part v0x55ca2bf27c00_0, 0, 5;
L_0x55ca2bf49070 .part v0x55ca2bf27c00_0, 23, 5;
L_0x55ca2bf49110 .part v0x55ca2bf27c00_0, 18, 5;
L_0x55ca2bf49240 .part v0x55ca2bf27c00_0, 13, 5;
L_0x55ca2bf492e0 .part v0x55ca2bf27c00_0, 0, 28;
L_0x55ca2bf49380 .part v0x55ca2bf27c00_0, 5, 18;
S_0x55ca2bf27e00 .scope module, "MUX_ALUIN2" "mux_32b_3_to_1" 7 156, 10 1 0, S_0x55ca2bf25020;
 .timescale 0 0;
    .port_info 0 /OUTPUT 32 "out";
    .port_info 1 /INPUT 32 "in_0";
    .port_info 2 /INPUT 32 "in_1";
    .port_info 3 /INPUT 32 "in_2";
    .port_info 4 /INPUT 2 "contr";
v0x55ca2bf27ff0_0 .net *"_ivl_0", 31 0, L_0x55ca2bf4b0c0;  1 drivers
L_0x7f517bf66720 .functor BUFT 1, C4<000000000000000000000000000000>, C4<0>, C4<0>, C4<0>;
v0x55ca2bf280d0_0 .net *"_ivl_11", 29 0, L_0x7f517bf66720;  1 drivers
L_0x7f517bf66768 .functor BUFT 1, C4<00000000000000000000000000000001>, C4<0>, C4<0>, C4<0>;
v0x55ca2bf281b0_0 .net/2u *"_ivl_12", 31 0, L_0x7f517bf66768;  1 drivers
v0x55ca2bf282a0_0 .net *"_ivl_14", 0 0, L_0x55ca2bf4b390;  1 drivers
v0x55ca2bf28360_0 .net *"_ivl_16", 31 0, L_0x55ca2bf4b4d0;  1 drivers
L_0x7f517bf66690 .functor BUFT 1, C4<000000000000000000000000000000>, C4<0>, C4<0>, C4<0>;
v0x55ca2bf28490_0 .net *"_ivl_3", 29 0, L_0x7f517bf66690;  1 drivers
L_0x7f517bf666d8 .functor BUFT 1, C4<00000000000000000000000000000000>, C4<0>, C4<0>, C4<0>;
v0x55ca2bf28570_0 .net/2u *"_ivl_4", 31 0, L_0x7f517bf666d8;  1 drivers
v0x55ca2bf28650_0 .net *"_ivl_6", 0 0, L_0x55ca2bf4b160;  1 drivers
v0x55ca2bf28710_0 .net *"_ivl_8", 31 0, L_0x55ca2bf4b2a0;  1 drivers
v0x55ca2bf287f0_0 .net "contr", 1 0, L_0x55ca2bf37bb0;  alias, 1 drivers
v0x55ca2bf288b0_0 .net "in_0", 31 0, v0x55ca2bf2fc10_0;  alias, 1 drivers
v0x55ca2bf28970_0 .net "in_1", 31 0, L_0x55ca2bf4abf0;  alias, 1 drivers
L_0x7f517bf667b0 .functor BUFT 1, C4<00000000000000000000000000000100>, C4<0>, C4<0>, C4<0>;
v0x55ca2bf28a50_0 .net "in_2", 31 0, L_0x7f517bf667b0;  1 drivers
v0x55ca2bf28b30_0 .net "out", 31 0, L_0x55ca2bf4b5c0;  alias, 1 drivers
L_0x55ca2bf4b0c0 .concat [ 2 30 0 0], L_0x55ca2bf37bb0, L_0x7f517bf66690;
L_0x55ca2bf4b160 .cmp/eq 32, L_0x55ca2bf4b0c0, L_0x7f517bf666d8;
L_0x55ca2bf4b2a0 .concat [ 2 30 0 0], L_0x55ca2bf37bb0, L_0x7f517bf66720;
L_0x55ca2bf4b390 .cmp/eq 32, L_0x55ca2bf4b2a0, L_0x7f517bf66768;
L_0x55ca2bf4b4d0 .functor MUXZ 32, L_0x7f517bf667b0, L_0x55ca2bf4abf0, L_0x55ca2bf4b390, C4<>;
L_0x55ca2bf4b5c0 .functor MUXZ 32, L_0x55ca2bf4b4d0, v0x55ca2bf2fc10_0, L_0x55ca2bf4b160, C4<>;
S_0x55ca2bf28ce0 .scope module, "MUX_BRSINGAL" "mux_32b_2_to_1" 7 76, 11 1 0, S_0x55ca2bf25020;
 .timescale 0 0;
    .port_info 0 /OUTPUT 32 "out";
    .port_info 1 /INPUT 32 "in_0";
    .port_info 2 /INPUT 32 "in_1";
    .port_info 3 /INPUT 1 "contr";
v0x55ca2bf28ee0_0 .net *"_ivl_0", 31 0, L_0x55ca2bf48b10;  1 drivers
L_0x7f517bf660f0 .functor BUFT 1, C4<0000000000000000000000000000000>, C4<0>, C4<0>, C4<0>;
v0x55ca2bf28fe0_0 .net *"_ivl_3", 30 0, L_0x7f517bf660f0;  1 drivers
L_0x7f517bf66138 .functor BUFT 1, C4<00000000000000000000000000000000>, C4<0>, C4<0>, C4<0>;
v0x55ca2bf290c0_0 .net/2u *"_ivl_4", 31 0, L_0x7f517bf66138;  1 drivers
v0x55ca2bf291b0_0 .net *"_ivl_6", 0 0, L_0x55ca2bf48c40;  1 drivers
v0x55ca2bf29270_0 .net "contr", 0 0, v0x55ca2bde8450_0;  alias, 1 drivers
L_0x7f517bf66180 .functor BUFT 1, C4<00000000000000000000000000000100>, C4<0>, C4<0>, C4<0>;
v0x55ca2bf29360_0 .net "in_0", 31 0, L_0x7f517bf66180;  1 drivers
v0x55ca2bf29420_0 .net "in_1", 31 0, L_0x55ca2bf4abf0;  alias, 1 drivers
v0x55ca2bf29510_0 .net "out", 31 0, L_0x55ca2bf48ce0;  alias, 1 drivers
L_0x55ca2bf48b10 .concat [ 1 31 0 0], v0x55ca2bde8450_0, L_0x7f517bf660f0;
L_0x55ca2bf48c40 .cmp/eq 32, L_0x55ca2bf48b10, L_0x7f517bf66138;
L_0x55ca2bf48ce0 .functor MUXZ 32, L_0x55ca2bf4abf0, L_0x7f517bf66180, L_0x55ca2bf48c40, C4<>;
S_0x55ca2bf29680 .scope module, "MUX_DATASEL" "mux_32b_2_to_1" 7 174, 11 1 0, S_0x55ca2bf25020;
 .timescale 0 0;
    .port_info 0 /OUTPUT 32 "out";
    .port_info 1 /INPUT 32 "in_0";
    .port_info 2 /INPUT 32 "in_1";
    .port_info 3 /INPUT 1 "contr";
v0x55ca2bf29920_0 .net *"_ivl_0", 31 0, L_0x55ca2bf4b7d0;  1 drivers
L_0x7f517bf667f8 .functor BUFT 1, C4<0000000000000000000000000000000>, C4<0>, C4<0>, C4<0>;
v0x55ca2bf29a20_0 .net *"_ivl_3", 30 0, L_0x7f517bf667f8;  1 drivers
L_0x7f517bf66840 .functor BUFT 1, C4<00000000000000000000000000000000>, C4<0>, C4<0>, C4<0>;
v0x55ca2bf29b00_0 .net/2u *"_ivl_4", 31 0, L_0x7f517bf66840;  1 drivers
v0x55ca2bf29bc0_0 .net *"_ivl_6", 0 0, L_0x55ca2bf4b8c0;  1 drivers
v0x55ca2bf29c80_0 .net "contr", 0 0, L_0x55ca2bf37f20;  alias, 1 drivers
v0x55ca2bf29d70_0 .net "in_0", 31 0, v0x55ca2bf2fc10_0;  alias, 1 drivers
v0x55ca2bf29e40_0 .net "in_1", 31 0, L_0x55ca2bf48720;  alias, 1 drivers
v0x55ca2bf29f00_0 .net "out", 31 0, L_0x55ca2bf4ba00;  alias, 1 drivers
L_0x55ca2bf4b7d0 .concat [ 1 31 0 0], L_0x55ca2bf37f20, L_0x7f517bf667f8;
L_0x55ca2bf4b8c0 .cmp/eq 32, L_0x55ca2bf4b7d0, L_0x7f517bf66840;
L_0x55ca2bf4ba00 .functor MUXZ 32, L_0x55ca2bf48720, v0x55ca2bf2fc10_0, L_0x55ca2bf4b8c0, C4<>;
S_0x55ca2bf2a080 .scope module, "MUX_IMMSEL" "mux_32b_2_to_1" 7 128, 11 1 0, S_0x55ca2bf25020;
 .timescale 0 0;
    .port_info 0 /OUTPUT 32 "out";
    .port_info 1 /INPUT 32 "in_0";
    .port_info 2 /INPUT 32 "in_1";
    .port_info 3 /INPUT 1 "contr";
v0x55ca2bf2a2d0_0 .net *"_ivl_0", 31 0, L_0x55ca2bf4a9c0;  1 drivers
L_0x7f517bf66528 .functor BUFT 1, C4<0000000000000000000000000000000>, C4<0>, C4<0>, C4<0>;
v0x55ca2bf2a3d0_0 .net *"_ivl_3", 30 0, L_0x7f517bf66528;  1 drivers
L_0x7f517bf66570 .functor BUFT 1, C4<00000000000000000000000000000000>, C4<0>, C4<0>, C4<0>;
v0x55ca2bf2a4b0_0 .net/2u *"_ivl_4", 31 0, L_0x7f517bf66570;  1 drivers
v0x55ca2bf2a5a0_0 .net *"_ivl_6", 0 0, L_0x55ca2bf4aab0;  1 drivers
v0x55ca2bf2a660_0 .net "contr", 0 0, L_0x55ca2bf37a20;  alias, 1 drivers
v0x55ca2bf2a750_0 .net "in_0", 31 0, L_0x55ca2bf49680;  alias, 1 drivers
v0x55ca2bf2a810_0 .net "in_1", 31 0, L_0x55ca2bf49980;  alias, 1 drivers
v0x55ca2bf2a8f0_0 .net "out", 31 0, L_0x55ca2bf4abf0;  alias, 1 drivers
L_0x55ca2bf4a9c0 .concat [ 1 31 0 0], L_0x55ca2bf37a20, L_0x7f517bf66528;
L_0x55ca2bf4aab0 .cmp/eq 32, L_0x55ca2bf4a9c0, L_0x7f517bf66570;
L_0x55ca2bf4abf0 .functor MUXZ 32, L_0x55ca2bf49980, L_0x55ca2bf49680, L_0x55ca2bf4aab0, C4<>;
S_0x55ca2bf2aa80 .scope module, "MUX_PCSel" "mux_32b_2_to_1" 7 56, 11 1 0, S_0x55ca2bf25020;
 .timescale 0 0;
    .port_info 0 /OUTPUT 32 "out";
    .port_info 1 /INPUT 32 "in_0";
    .port_info 2 /INPUT 32 "in_1";
    .port_info 3 /INPUT 1 "contr";
v0x55ca2bf2acd0_0 .net *"_ivl_0", 31 0, L_0x55ca2bf385d0;  1 drivers
L_0x7f517bf66060 .functor BUFT 1, C4<0000000000000000000000000000000>, C4<0>, C4<0>, C4<0>;
v0x55ca2bf2add0_0 .net *"_ivl_3", 30 0, L_0x7f517bf66060;  1 drivers
L_0x7f517bf660a8 .functor BUFT 1, C4<00000000000000000000000000000000>, C4<0>, C4<0>, C4<0>;
v0x55ca2bf2aeb0_0 .net/2u *"_ivl_4", 31 0, L_0x7f517bf660a8;  1 drivers
v0x55ca2bf2afa0_0 .net *"_ivl_6", 0 0, L_0x55ca2bf48680;  1 drivers
v0x55ca2bf2b060_0 .net "contr", 0 0, L_0x55ca2bf36e20;  alias, 1 drivers
v0x55ca2bf2b150_0 .net "in_0", 31 0, L_0x55ca2bf488e0;  alias, 1 drivers
v0x55ca2bf2b210_0 .net "in_1", 31 0, v0x55ca2bf25ac0_0;  alias, 1 drivers
v0x55ca2bf2b300_0 .net "out", 31 0, L_0x55ca2bf48720;  alias, 1 drivers
L_0x55ca2bf385d0 .concat [ 1 31 0 0], L_0x55ca2bf36e20, L_0x7f517bf66060;
L_0x55ca2bf48680 .cmp/eq 32, L_0x55ca2bf385d0, L_0x7f517bf660a8;
L_0x55ca2bf48720 .functor MUXZ 32, v0x55ca2bf25ac0_0, L_0x55ca2bf488e0, L_0x55ca2bf48680, C4<>;
S_0x55ca2bf2b460 .scope module, "MUX_READ1SEL" "mux_5b_2_to_1" 7 113, 12 1 0, S_0x55ca2bf25020;
 .timescale 0 0;
    .port_info 0 /OUTPUT 5 "out";
    .port_info 1 /INPUT 5 "in_0";
    .port_info 2 /INPUT 5 "in_1";
    .port_info 3 /INPUT 1 "contr";
v0x55ca2bf2b6b0_0 .net *"_ivl_0", 31 0, L_0x55ca2bf49e70;  1 drivers
L_0x7f517bf66330 .functor BUFT 1, C4<0000000000000000000000000000000>, C4<0>, C4<0>, C4<0>;
v0x55ca2bf2b7b0_0 .net *"_ivl_3", 30 0, L_0x7f517bf66330;  1 drivers
L_0x7f517bf66378 .functor BUFT 1, C4<00000000000000000000000000000000>, C4<0>, C4<0>, C4<0>;
v0x55ca2bf2b890_0 .net/2u *"_ivl_4", 31 0, L_0x7f517bf66378;  1 drivers
v0x55ca2bf2b980_0 .net *"_ivl_6", 0 0, L_0x55ca2bf49f10;  1 drivers
v0x55ca2bf2ba40_0 .net "contr", 0 0, L_0x55ca2bf371b0;  alias, 1 drivers
v0x55ca2bf2bb30_0 .net "in_0", 4 0, L_0x55ca2bf49070;  alias, 1 drivers
L_0x7f517bf663c0 .functor BUFT 1, C4<10000>, C4<0>, C4<0>, C4<0>;
v0x55ca2bf2bc00_0 .net "in_1", 4 0, L_0x7f517bf663c0;  1 drivers
v0x55ca2bf2bcc0_0 .net "out", 4 0, L_0x55ca2bf49fb0;  alias, 1 drivers
L_0x55ca2bf49e70 .concat [ 1 31 0 0], L_0x55ca2bf371b0, L_0x7f517bf66330;
L_0x55ca2bf49f10 .cmp/eq 32, L_0x55ca2bf49e70, L_0x7f517bf66378;
L_0x55ca2bf49fb0 .functor MUXZ 5, L_0x7f517bf663c0, L_0x55ca2bf49070, L_0x55ca2bf49f10, C4<>;
S_0x55ca2bf2be50 .scope module, "MUX_READ2SEL" "mux_5b_3_to_1" 7 105, 13 1 0, S_0x55ca2bf25020;
 .timescale 0 0;
    .port_info 0 /OUTPUT 5 "out";
    .port_info 1 /INPUT 5 "in_0";
    .port_info 2 /INPUT 5 "in_1";
    .port_info 3 /INPUT 5 "in_2";
    .port_info 4 /INPUT 2 "contr";
v0x55ca2bf2c0c0_0 .net *"_ivl_0", 31 0, L_0x55ca2bf49a20;  1 drivers
L_0x7f517bf66258 .functor BUFT 1, C4<000000000000000000000000000000>, C4<0>, C4<0>, C4<0>;
v0x55ca2bf2c1c0_0 .net *"_ivl_11", 29 0, L_0x7f517bf66258;  1 drivers
L_0x7f517bf662a0 .functor BUFT 1, C4<00000000000000000000000000000001>, C4<0>, C4<0>, C4<0>;
v0x55ca2bf2c2a0_0 .net/2u *"_ivl_12", 31 0, L_0x7f517bf662a0;  1 drivers
v0x55ca2bf2c390_0 .net *"_ivl_14", 0 0, L_0x55ca2bf49c00;  1 drivers
v0x55ca2bf2c450_0 .net *"_ivl_16", 4 0, L_0x55ca2bf49ca0;  1 drivers
L_0x7f517bf661c8 .functor BUFT 1, C4<000000000000000000000000000000>, C4<0>, C4<0>, C4<0>;
v0x55ca2bf2c530_0 .net *"_ivl_3", 29 0, L_0x7f517bf661c8;  1 drivers
L_0x7f517bf66210 .functor BUFT 1, C4<00000000000000000000000000000000>, C4<0>, C4<0>, C4<0>;
v0x55ca2bf2c610_0 .net/2u *"_ivl_4", 31 0, L_0x7f517bf66210;  1 drivers
v0x55ca2bf2c6f0_0 .net *"_ivl_6", 0 0, L_0x55ca2bf49ac0;  1 drivers
v0x55ca2bf2c7b0_0 .net *"_ivl_8", 31 0, L_0x55ca2bf49b60;  1 drivers
v0x55ca2bf2c920_0 .net "contr", 1 0, L_0x55ca2bf37370;  alias, 1 drivers
L_0x7f517bf662e8 .functor BUFT 1, C4<00000>, C4<0>, C4<0>, C4<0>;
v0x55ca2bf2c9e0_0 .net "in_0", 4 0, L_0x7f517bf662e8;  1 drivers
v0x55ca2bf2caa0_0 .net "in_1", 4 0, L_0x55ca2bf49110;  alias, 1 drivers
v0x55ca2bf2cb90_0 .net "in_2", 4 0, L_0x55ca2bf48fd0;  alias, 1 drivers
v0x55ca2bf2cc30_0 .net "out", 4 0, L_0x55ca2bf49dd0;  alias, 1 drivers
L_0x55ca2bf49a20 .concat [ 2 30 0 0], L_0x55ca2bf37370, L_0x7f517bf661c8;
L_0x55ca2bf49ac0 .cmp/eq 32, L_0x55ca2bf49a20, L_0x7f517bf66210;
L_0x55ca2bf49b60 .concat [ 2 30 0 0], L_0x55ca2bf37370, L_0x7f517bf66258;
L_0x55ca2bf49c00 .cmp/eq 32, L_0x55ca2bf49b60, L_0x7f517bf662a0;
L_0x55ca2bf49ca0 .functor MUXZ 5, L_0x55ca2bf48fd0, L_0x55ca2bf49110, L_0x55ca2bf49c00, C4<>;
L_0x55ca2bf49dd0 .functor MUXZ 5, L_0x55ca2bf49ca0, L_0x7f517bf662e8, L_0x55ca2bf49ac0, C4<>;
S_0x55ca2bf2cdb0 .scope module, "MUX_WRITEINFOSEL" "mux_32b_2_to_1" 7 149, 11 1 0, S_0x55ca2bf25020;
 .timescale 0 0;
    .port_info 0 /OUTPUT 32 "out";
    .port_info 1 /INPUT 32 "in_0";
    .port_info 2 /INPUT 32 "in_1";
    .port_info 3 /INPUT 1 "contr";
v0x55ca2bf2d000_0 .net *"_ivl_0", 31 0, L_0x55ca2bf4ae00;  1 drivers
L_0x7f517bf66600 .functor BUFT 1, C4<0000000000000000000000000000000>, C4<0>, C4<0>, C4<0>;
v0x55ca2bf2d100_0 .net *"_ivl_3", 30 0, L_0x7f517bf66600;  1 drivers
L_0x7f517bf66648 .functor BUFT 1, C4<00000000000000000000000000000000>, C4<0>, C4<0>, C4<0>;
v0x55ca2bf2d1e0_0 .net/2u *"_ivl_4", 31 0, L_0x7f517bf66648;  1 drivers
v0x55ca2bf2d2d0_0 .net *"_ivl_6", 0 0, L_0x55ca2bf4aea0;  1 drivers
v0x55ca2bf2d390_0 .net "contr", 0 0, L_0x55ca2bf37610;  alias, 1 drivers
v0x55ca2bf2d480_0 .net "in_0", 31 0, v0x55ca2bf317e0_0;  alias, 1 drivers
v0x55ca2bf2d550_0 .net "in_1", 31 0, v0x55ca2bf25ac0_0;  alias, 1 drivers
v0x55ca2bf2d640_0 .net "out", 31 0, L_0x55ca2bf4af40;  alias, 1 drivers
L_0x55ca2bf4ae00 .concat [ 1 31 0 0], L_0x55ca2bf37610, L_0x7f517bf66600;
L_0x55ca2bf4aea0 .cmp/eq 32, L_0x55ca2bf4ae00, L_0x7f517bf66648;
L_0x55ca2bf4af40 .functor MUXZ 32, v0x55ca2bf25ac0_0, v0x55ca2bf317e0_0, L_0x55ca2bf4aea0, C4<>;
S_0x55ca2bf2d7a0 .scope module, "MUX_WRITEREGSEL" "mux_5b_3_to_1" 7 120, 13 1 0, S_0x55ca2bf25020;
 .timescale 0 0;
    .port_info 0 /OUTPUT 5 "out";
    .port_info 1 /INPUT 5 "in_0";
    .port_info 2 /INPUT 5 "in_1";
    .port_info 3 /INPUT 5 "in_2";
    .port_info 4 /INPUT 2 "contr";
v0x55ca2bf2d980_0 .net *"_ivl_0", 31 0, L_0x55ca2bf4a170;  1 drivers
L_0x7f517bf66498 .functor BUFT 1, C4<000000000000000000000000000000>, C4<0>, C4<0>, C4<0>;
v0x55ca2bf2da80_0 .net *"_ivl_11", 29 0, L_0x7f517bf66498;  1 drivers
L_0x7f517bf664e0 .functor BUFT 1, C4<00000000000000000000000000000001>, C4<0>, C4<0>, C4<0>;
v0x55ca2bf2db60_0 .net/2u *"_ivl_12", 31 0, L_0x7f517bf664e0;  1 drivers
v0x55ca2bf2dc50_0 .net *"_ivl_14", 0 0, L_0x55ca2bf4a550;  1 drivers
v0x55ca2bf2dd10_0 .net *"_ivl_16", 4 0, L_0x55ca2bf4a690;  1 drivers
L_0x7f517bf66408 .functor BUFT 1, C4<000000000000000000000000000000>, C4<0>, C4<0>, C4<0>;
v0x55ca2bf2de40_0 .net *"_ivl_3", 29 0, L_0x7f517bf66408;  1 drivers
L_0x7f517bf66450 .functor BUFT 1, C4<00000000000000000000000000000000>, C4<0>, C4<0>, C4<0>;
v0x55ca2bf2df20_0 .net/2u *"_ivl_4", 31 0, L_0x7f517bf66450;  1 drivers
v0x55ca2bf2e000_0 .net *"_ivl_6", 0 0, L_0x55ca2bf4a210;  1 drivers
v0x55ca2bf2e0c0_0 .net *"_ivl_8", 31 0, L_0x55ca2bf4a350;  1 drivers
v0x55ca2bf2e230_0 .net "contr", 1 0, L_0x55ca2bf374a0;  alias, 1 drivers
v0x55ca2bf2e2f0_0 .net "in_0", 4 0, L_0x55ca2bf49fb0;  alias, 1 drivers
v0x55ca2bf2e3c0_0 .net "in_1", 4 0, L_0x55ca2bf48fd0;  alias, 1 drivers
v0x55ca2bf2e460_0 .net "in_2", 4 0, L_0x55ca2bf49240;  alias, 1 drivers
v0x55ca2bf2e550_0 .net "out", 4 0, L_0x55ca2bf4a890;  alias, 1 drivers
L_0x55ca2bf4a170 .concat [ 2 30 0 0], L_0x55ca2bf374a0, L_0x7f517bf66408;
L_0x55ca2bf4a210 .cmp/eq 32, L_0x55ca2bf4a170, L_0x7f517bf66450;
L_0x55ca2bf4a350 .concat [ 2 30 0 0], L_0x55ca2bf374a0, L_0x7f517bf66498;
L_0x55ca2bf4a550 .cmp/eq 32, L_0x55ca2bf4a350, L_0x7f517bf664e0;
L_0x55ca2bf4a690 .functor MUXZ 5, L_0x55ca2bf49240, L_0x55ca2bf48fd0, L_0x55ca2bf4a550, C4<>;
L_0x55ca2bf4a890 .functor MUXZ 5, L_0x55ca2bf4a690, L_0x55ca2bf49fb0, L_0x55ca2bf4a210, C4<>;
S_0x55ca2bf2e6e0 .scope module, "PC" "pc" 7 69, 14 1 0, S_0x55ca2bf25020;
 .timescale 0 0;
    .port_info 0 /OUTPUT 32 "out";
    .port_info 1 /INPUT 32 "in";
    .port_info 2 /INPUT 1 "pc_in";
    .port_info 3 /INPUT 1 "clk";
v0x55ca2bf2e8e0_0 .net "clk", 0 0, L_0x55ca2bf36d30;  alias, 1 drivers
v0x55ca2bf2e9d0_0 .net "in", 31 0, L_0x55ca2bf48720;  alias, 1 drivers
v0x55ca2bf2eac0_0 .var "out", 31 0;
v0x55ca2bf2eb90_0 .net "pc_in", 0 0, L_0x55ca2bf36f50;  alias, 1 drivers
S_0x55ca2bf2ecd0 .scope module, "PCADDER" "pc_adder" 7 63, 15 1 0, S_0x55ca2bf25020;
 .timescale 0 0;
    .port_info 0 /OUTPUT 32 "out";
    .port_info 1 /INPUT 32 "in_0";
    .port_info 2 /INPUT 32 "in_1";
v0x55ca2bf2ef20_0 .net "in_0", 31 0, L_0x55ca2bf48ce0;  alias, 1 drivers
v0x55ca2bf2f000_0 .net "in_1", 31 0, v0x55ca2bf2eac0_0;  alias, 1 drivers
v0x55ca2bf2f0f0_0 .net "out", 31 0, L_0x55ca2bf488e0;  alias, 1 drivers
L_0x55ca2bf488e0 .arith/sum 32, L_0x55ca2bf48ce0, v0x55ca2bf2eac0_0;
S_0x55ca2bf2f220 .scope module, "REGBANK" "regbank" 7 135, 16 1 0, S_0x55ca2bf25020;
 .timescale 0 0;
    .port_info 0 /OUTPUT 32 "regA";
    .port_info 1 /OUTPUT 32 "regB";
    .port_info 2 /OUTPUT 32 "reg15val";
    .port_info 3 /INPUT 5 "readport1";
    .port_info 4 /INPUT 5 "readport2";
    .port_info 5 /INPUT 5 "writeport";
    .port_info 6 /INPUT 32 "writedata";
    .port_info 7 /INPUT 1 "RegRead";
    .port_info 8 /INPUT 1 "RegWrite";
    .port_info 9 /INPUT 1 "rst";
    .port_info 10 /INPUT 1 "clk";
v0x55ca2bf2fd60_15 .array/port v0x55ca2bf2fd60, 15;
L_0x55ca2bf48980 .functor BUFZ 32, v0x55ca2bf2fd60_15, C4<00000000000000000000000000000000>, C4<00000000000000000000000000000000>, C4<00000000000000000000000000000000>;
v0x55ca2bf2f4f0_0 .net "RegRead", 0 0, L_0x55ca2bf37740;  alias, 1 drivers
v0x55ca2bf2f5e0_0 .net "RegWrite", 0 0, L_0x55ca2bf37980;  alias, 1 drivers
v0x55ca2bf2f6b0_0 .net "clk", 0 0, L_0x55ca2bf36d30;  alias, 1 drivers
v0x55ca2bf2f7d0_0 .var/i "i", 31 0;
v0x55ca2bf2f870_0 .net "readport1", 4 0, L_0x55ca2bf49fb0;  alias, 1 drivers
v0x55ca2bf2f9b0_0 .net "readport2", 4 0, L_0x55ca2bf49dd0;  alias, 1 drivers
v0x55ca2bf2fa70_0 .net "reg15val", 31 0, L_0x55ca2bf48980;  alias, 1 drivers
v0x55ca2bf2fb30_0 .var "regA", 31 0;
v0x55ca2bf2fc10_0 .var "regB", 31 0;
v0x55ca2bf2fd60 .array/s "regfile", 15 0, 31 0;
L_0x7f517bf665b8 .functor BUFT 1, C4<0>, C4<0>, C4<0>, C4<0>;
v0x55ca2bf300b0_0 .net "rst", 0 0, L_0x7f517bf665b8;  1 drivers
v0x55ca2bf30170_0 .var "sp", 31 0;
v0x55ca2bf30250_0 .net "writedata", 31 0, L_0x55ca2bf4af40;  alias, 1 drivers
v0x55ca2bf30310_0 .net "writeport", 4 0, L_0x55ca2bf4a890;  alias, 1 drivers
v0x55ca2bf2fd60_0 .array/port v0x55ca2bf2fd60, 0;
v0x55ca2bf2fd60_1 .array/port v0x55ca2bf2fd60, 1;
E_0x55ca2bf2f400/0 .event edge, v0x55ca2bf24490_0, v0x55ca2bf2bcc0_0, v0x55ca2bf2fd60_0, v0x55ca2bf2fd60_1;
v0x55ca2bf2fd60_2 .array/port v0x55ca2bf2fd60, 2;
v0x55ca2bf2fd60_3 .array/port v0x55ca2bf2fd60, 3;
v0x55ca2bf2fd60_4 .array/port v0x55ca2bf2fd60, 4;
v0x55ca2bf2fd60_5 .array/port v0x55ca2bf2fd60, 5;
E_0x55ca2bf2f400/1 .event edge, v0x55ca2bf2fd60_2, v0x55ca2bf2fd60_3, v0x55ca2bf2fd60_4, v0x55ca2bf2fd60_5;
v0x55ca2bf2fd60_6 .array/port v0x55ca2bf2fd60, 6;
v0x55ca2bf2fd60_7 .array/port v0x55ca2bf2fd60, 7;
v0x55ca2bf2fd60_8 .array/port v0x55ca2bf2fd60, 8;
v0x55ca2bf2fd60_9 .array/port v0x55ca2bf2fd60, 9;
E_0x55ca2bf2f400/2 .event edge, v0x55ca2bf2fd60_6, v0x55ca2bf2fd60_7, v0x55ca2bf2fd60_8, v0x55ca2bf2fd60_9;
v0x55ca2bf2fd60_10 .array/port v0x55ca2bf2fd60, 10;
v0x55ca2bf2fd60_11 .array/port v0x55ca2bf2fd60, 11;
v0x55ca2bf2fd60_12 .array/port v0x55ca2bf2fd60, 12;
v0x55ca2bf2fd60_13 .array/port v0x55ca2bf2fd60, 13;
E_0x55ca2bf2f400/3 .event edge, v0x55ca2bf2fd60_10, v0x55ca2bf2fd60_11, v0x55ca2bf2fd60_12, v0x55ca2bf2fd60_13;
v0x55ca2bf2fd60_14 .array/port v0x55ca2bf2fd60, 14;
E_0x55ca2bf2f400/4 .event edge, v0x55ca2bf2fd60_14, v0x55ca2bf2fd60_15, v0x55ca2bf30170_0, v0x55ca2bf2cc30_0;
E_0x55ca2bf2f400 .event/or E_0x55ca2bf2f400/0, E_0x55ca2bf2f400/1, E_0x55ca2bf2f400/2, E_0x55ca2bf2f400/3, E_0x55ca2bf2f400/4;
S_0x55ca2bf30550 .scope module, "SIGNEX1832" "signex_18_to_32" 7 100, 17 1 0, S_0x55ca2bf25020;
 .timescale 0 0;
    .port_info 0 /OUTPUT 32 "out";
    .port_info 1 /INPUT 18 "in";
v0x55ca2bf30790_0 .net *"_ivl_1", 0 0, L_0x55ca2bf49720;  1 drivers
v0x55ca2bf30890_0 .net *"_ivl_2", 13 0, L_0x55ca2bf49850;  1 drivers
v0x55ca2bf30970_0 .net "in", 17 0, L_0x55ca2bf49380;  alias, 1 drivers
v0x55ca2bf30a40_0 .net "out", 31 0, L_0x55ca2bf49980;  alias, 1 drivers
L_0x55ca2bf49720 .part L_0x55ca2bf49380, 17, 1;
LS_0x55ca2bf49850_0_0 .concat [ 1 1 1 1], L_0x55ca2bf49720, L_0x55ca2bf49720, L_0x55ca2bf49720, L_0x55ca2bf49720;
LS_0x55ca2bf49850_0_4 .concat [ 1 1 1 1], L_0x55ca2bf49720, L_0x55ca2bf49720, L_0x55ca2bf49720, L_0x55ca2bf49720;
LS_0x55ca2bf49850_0_8 .concat [ 1 1 1 1], L_0x55ca2bf49720, L_0x55ca2bf49720, L_0x55ca2bf49720, L_0x55ca2bf49720;
LS_0x55ca2bf49850_0_12 .concat [ 1 1 0 0], L_0x55ca2bf49720, L_0x55ca2bf49720;
L_0x55ca2bf49850 .concat [ 4 4 4 2], LS_0x55ca2bf49850_0_0, LS_0x55ca2bf49850_0_4, LS_0x55ca2bf49850_0_8, LS_0x55ca2bf49850_0_12;
L_0x55ca2bf49980 .concat [ 18 14 0 0], L_0x55ca2bf49380, L_0x55ca2bf49850;
S_0x55ca2bf30b50 .scope module, "SIGNEX2832" "signex_28_to_32" 7 95, 18 1 0, S_0x55ca2bf25020;
 .timescale 0 0;
    .port_info 0 /OUTPUT 32 "out";
    .port_info 1 /INPUT 28 "in";
v0x55ca2bf30d70_0 .net *"_ivl_1", 0 0, L_0x55ca2bf49420;  1 drivers
v0x55ca2bf30e70_0 .net *"_ivl_2", 3 0, L_0x55ca2bf49550;  1 drivers
v0x55ca2bf30f50_0 .net "in", 27 0, L_0x55ca2bf492e0;  alias, 1 drivers
v0x55ca2bf31050_0 .net "out", 31 0, L_0x55ca2bf49680;  alias, 1 drivers
L_0x55ca2bf49420 .part L_0x55ca2bf492e0, 27, 1;
L_0x55ca2bf49550 .concat [ 1 1 1 1], L_0x55ca2bf49420, L_0x55ca2bf49420, L_0x55ca2bf49420, L_0x55ca2bf49420;
L_0x55ca2bf49680 .concat [ 28 4 0 0], L_0x55ca2bf492e0, L_0x55ca2bf49550;
S_0x55ca2bf31160 .scope module, "alu" "ALU" 7 164, 19 1 0, S_0x55ca2bf25020;
 .timescale 0 0;
    .port_info 0 /OUTPUT 32 "out";
    .port_info 1 /OUTPUT 1 "zero";
    .port_info 2 /OUTPUT 1 "sign";
    .port_info 3 /OUTPUT 1 "over";
    .port_info 4 /INPUT 32 "a";
    .port_info 5 /INPUT 32 "b";
    .port_info 6 /INPUT 4 "func";
v0x55ca2bf31500_0 .net "a", 31 0, v0x55ca2bf2fb30_0;  alias, 1 drivers
v0x55ca2bf31610_0 .net "b", 31 0, L_0x55ca2bf4b5c0;  alias, 1 drivers
v0x55ca2bf316e0_0 .net "func", 3 0, L_0x55ca2bf37ce0;  alias, 1 drivers
v0x55ca2bf317e0_0 .var/s "out", 31 0;
v0x55ca2bf318d0_0 .var "over", 0 0;
v0x55ca2bf319c0_0 .var "sign", 0 0;
v0x55ca2bf31a60_0 .var "zero", 0 0;
E_0x55ca2bf31490 .event edge, v0x55ca2be90430_0, v0x55ca2bf2fb30_0, v0x55ca2bf28b30_0, v0x55ca2bf25800_0;
    .scope S_0x55ca2bf21ff0;
T_0 ;
    %pushi/vec4 0, 0, 6;
    %assign/vec4 v0x55ca2bf24bf0_0, 0;
    %pushi/vec4 0, 0, 24;
    %assign/vec4 v0x55ca2bf24950_0, 0;
    %end;
    .thread T_0;
    .scope S_0x55ca2bf21ff0;
T_1 ;
    %wait E_0x55ca2bdc49b0;
    %load/vec4 v0x55ca2bf24890_0;
    %flag_set/vec4 8;
    %jmp/0xz  T_1.0, 8;
    %load/vec4 v0x55ca2bf24bf0_0;
    %dup/vec4;
    %pushi/vec4 0, 0, 6;
    %cmp/u;
    %jmp/1 T_1.2, 6;
    %dup/vec4;
    %pushi/vec4 1, 0, 6;
    %cmp/u;
    %jmp/1 T_1.3, 6;
    %dup/vec4;
    %pushi/vec4 2, 0, 6;
    %cmp/u;
    %jmp/1 T_1.4, 6;
    %dup/vec4;
    %pushi/vec4 3, 0, 6;
    %cmp/u;
    %jmp/1 T_1.5, 6;
    %dup/vec4;
    %pushi/vec4 4, 0, 6;
    %cmp/u;
    %jmp/1 T_1.6, 6;
    %dup/vec4;
    %pushi/vec4 5, 0, 6;
    %cmp/u;
    %jmp/1 T_1.7, 6;
    %dup/vec4;
    %pushi/vec4 6, 0, 6;
    %cmp/u;
    %jmp/1 T_1.8, 6;
    %dup/vec4;
    %pushi/vec4 7, 0, 6;
    %cmp/u;
    %jmp/1 T_1.9, 6;
    %dup/vec4;
    %pushi/vec4 8, 0, 6;
    %cmp/u;
    %jmp/1 T_1.10, 6;
    %dup/vec4;
    %pushi/vec4 9, 0, 6;
    %cmp/u;
    %jmp/1 T_1.11, 6;
    %dup/vec4;
    %pushi/vec4 10, 0, 6;
    %cmp/u;
    %jmp/1 T_1.12, 6;
    %dup/vec4;
    %pushi/vec4 11, 0, 6;
    %cmp/u;
    %jmp/1 T_1.13, 6;
    %dup/vec4;
    %pushi/vec4 12, 0, 6;
    %cmp/u;
    %jmp/1 T_1.14, 6;
    %dup/vec4;
    %pushi/vec4 13, 0, 6;
    %cmp/u;
    %jmp/1 T_1.15, 6;
    %dup/vec4;
    %pushi/vec4 14, 0, 6;
    %cmp/u;
    %jmp/1 T_1.16, 6;
    %dup/vec4;
    %pushi/vec4 15, 0, 6;
    %cmp/u;
    %jmp/1 T_1.17, 6;
    %dup/vec4;
    %pushi/vec4 16, 0, 6;
    %cmp/u;
    %jmp/1 T_1.18, 6;
    %dup/vec4;
    %pushi/vec4 17, 0, 6;
    %cmp/u;
    %jmp/1 T_1.19, 6;
    %dup/vec4;
    %pushi/vec4 18, 0, 6;
    %cmp/u;
    %jmp/1 T_1.20, 6;
    %dup/vec4;
    %pushi/vec4 19, 0, 6;
    %cmp/u;
    %jmp/1 T_1.21, 6;
    %dup/vec4;
    %pushi/vec4 20, 0, 6;
    %cmp/u;
    %jmp/1 T_1.22, 6;
    %dup/vec4;
    %pushi/vec4 21, 0, 6;
    %cmp/u;
    %jmp/1 T_1.23, 6;
    %dup/vec4;
    %pushi/vec4 22, 0, 6;
    %cmp/u;
    %jmp/1 T_1.24, 6;
    %dup/vec4;
    %pushi/vec4 23, 0, 6;
    %cmp/u;
    %jmp/1 T_1.25, 6;
    %dup/vec4;
    %pushi/vec4 24, 0, 6;
    %cmp/u;
    %jmp/1 T_1.26, 6;
    %dup/vec4;
    %pushi/vec4 25, 0, 6;
    %cmp/u;
    %jmp/1 T_1.27, 6;
    %dup/vec4;
    %pushi/vec4 26, 0, 6;
    %cmp/u;
    %jmp/1 T_1.28, 6;
    %dup/vec4;
    %pushi/vec4 27, 0, 6;
    %cmp/u;
    %jmp/1 T_1.29, 6;
    %dup/vec4;
    %pushi/vec4 28, 0, 6;
    %cmp/u;
    %jmp/1 T_1.30, 6;
    %dup/vec4;
    %pushi/vec4 29, 0, 6;
    %cmp/u;
    %jmp/1 T_1.31, 6;
    %dup/vec4;
    %pushi/vec4 30, 0, 6;
    %cmp/u;
    %jmp/1 T_1.32, 6;
    %dup/vec4;
    %pushi/vec4 31, 0, 6;
    %cmp/u;
    %jmp/1 T_1.33, 6;
    %dup/vec4;
    %pushi/vec4 32, 0, 6;
    %cmp/u;
    %jmp/1 T_1.34, 6;
    %dup/vec4;
    %pushi/vec4 33, 0, 6;
    %cmp/u;
    %jmp/1 T_1.35, 6;
    %dup/vec4;
    %pushi/vec4 34, 0, 6;
    %cmp/u;
    %jmp/1 T_1.36, 6;
    %dup/vec4;
    %pushi/vec4 35, 0, 6;
    %cmp/u;
    %jmp/1 T_1.37, 6;
    %dup/vec4;
    %pushi/vec4 36, 0, 6;
    %cmp/u;
    %jmp/1 T_1.38, 6;
    %dup/vec4;
    %pushi/vec4 37, 0, 6;
    %cmp/u;
    %jmp/1 T_1.39, 6;
    %dup/vec4;
    %pushi/vec4 38, 0, 6;
    %cmp/u;
    %jmp/1 T_1.40, 6;
    %dup/vec4;
    %pushi/vec4 39, 0, 6;
    %cmp/u;
    %jmp/1 T_1.41, 6;
    %dup/vec4;
    %pushi/vec4 40, 0, 6;
    %cmp/u;
    %jmp/1 T_1.42, 6;
    %dup/vec4;
    %pushi/vec4 41, 0, 6;
    %cmp/u;
    %jmp/1 T_1.43, 6;
    %dup/vec4;
    %pushi/vec4 42, 0, 6;
    %cmp/u;
    %jmp/1 T_1.44, 6;
    %pushi/vec4 960, 0, 24;
    %assign/vec4 v0x55ca2bf24950_0, 0;
    %pushi/vec4 0, 0, 6;
    %assign/vec4 v0x55ca2bf24bf0_0, 0;
    %jmp T_1.46;
T_1.2 ;
    %pushi/vec4 2098112, 0, 24;
    %assign/vec4 v0x55ca2bf24950_0, 0;
    %pushi/vec4 1, 0, 6;
    %assign/vec4 v0x55ca2bf24bf0_0, 0;
    %jmp T_1.46;
T_1.3 ;
    %pushi/vec4 960, 0, 24;
    %assign/vec4 v0x55ca2bf24950_0, 0;
    %load/vec4 v0x55ca2bf24b10_0;
    %dup/vec4;
    %pushi/vec4 0, 0, 4;
    %cmp/u;
    %jmp/1 T_1.47, 6;
    %dup/vec4;
    %pushi/vec4 1, 0, 4;
    %cmp/u;
    %jmp/1 T_1.48, 6;
    %dup/vec4;
    %pushi/vec4 2, 0, 4;
    %cmp/u;
    %jmp/1 T_1.49, 6;
    %dup/vec4;
    %pushi/vec4 3, 0, 4;
    %cmp/u;
    %jmp/1 T_1.50, 6;
    %dup/vec4;
    %pushi/vec4 4, 0, 4;
    %cmp/u;
    %jmp/1 T_1.51, 6;
    %dup/vec4;
    %pushi/vec4 5, 0, 4;
    %cmp/u;
    %jmp/1 T_1.52, 6;
    %dup/vec4;
    %pushi/vec4 6, 0, 4;
    %cmp/u;
    %jmp/1 T_1.53, 6;
    %dup/vec4;
    %pushi/vec4 7, 0, 4;
    %cmp/u;
    %jmp/1 T_1.54, 6;
    %dup/vec4;
    %pushi/vec4 8, 0, 4;
    %cmp/u;
    %jmp/1 T_1.55, 6;
    %dup/vec4;
    %pushi/vec4 9, 0, 4;
    %cmp/u;
    %jmp/1 T_1.56, 6;
    %dup/vec4;
    %pushi/vec4 10, 0, 4;
    %cmp/u;
    %jmp/1 T_1.57, 6;
    %dup/vec4;
    %pushi/vec4 11, 0, 4;
    %cmp/u;
    %jmp/1 T_1.58, 6;
    %dup/vec4;
    %pushi/vec4 12, 0, 4;
    %cmp/u;
    %jmp/1 T_1.59, 6;
    %dup/vec4;
    %pushi/vec4 13, 0, 4;
    %cmp/u;
    %jmp/1 T_1.60, 6;
    %dup/vec4;
    %pushi/vec4 14, 0, 4;
    %cmp/u;
    %jmp/1 T_1.61, 6;
    %dup/vec4;
    %pushi/vec4 15, 0, 4;
    %cmp/u;
    %jmp/1 T_1.62, 6;
    %jmp T_1.63;
T_1.47 ;
    %load/vec4 v0x55ca2bf24a30_0;
    %cmpi/u 9, 0, 5;
    %jmp/0xz  T_1.64, 5;
    %pushi/vec4 2, 0, 6;
    %assign/vec4 v0x55ca2bf24bf0_0, 0;
    %jmp T_1.65;
T_1.64 ;
    %pushi/vec4 14, 0, 6;
    %assign/vec4 v0x55ca2bf24bf0_0, 0;
T_1.65 ;
    %jmp T_1.63;
T_1.48 ;
    %pushi/vec4 14, 0, 6;
    %assign/vec4 v0x55ca2bf24bf0_0, 0;
    %jmp T_1.63;
T_1.49 ;
    %pushi/vec4 14, 0, 6;
    %assign/vec4 v0x55ca2bf24bf0_0, 0;
    %jmp T_1.63;
T_1.50 ;
    %pushi/vec4 14, 0, 6;
    %assign/vec4 v0x55ca2bf24bf0_0, 0;
    %jmp T_1.63;
T_1.51 ;
    %pushi/vec4 14, 0, 6;
    %assign/vec4 v0x55ca2bf24bf0_0, 0;
    %jmp T_1.63;
T_1.52 ;
    %pushi/vec4 38, 0, 6;
    %assign/vec4 v0x55ca2bf24bf0_0, 0;
    %jmp T_1.63;
T_1.53 ;
    %pushi/vec4 14, 0, 6;
    %assign/vec4 v0x55ca2bf24bf0_0, 0;
    %jmp T_1.63;
T_1.54 ;
    %pushi/vec4 14, 0, 6;
    %assign/vec4 v0x55ca2bf24bf0_0, 0;
    %jmp T_1.63;
T_1.55 ;
    %pushi/vec4 14, 0, 6;
    %assign/vec4 v0x55ca2bf24bf0_0, 0;
    %jmp T_1.63;
T_1.56 ;
    %pushi/vec4 31, 0, 6;
    %assign/vec4 v0x55ca2bf24bf0_0, 0;
    %jmp T_1.63;
T_1.57 ;
    %pushi/vec4 34, 0, 6;
    %assign/vec4 v0x55ca2bf24bf0_0, 0;
    %jmp T_1.63;
T_1.58 ;
    %pushi/vec4 34, 0, 6;
    %assign/vec4 v0x55ca2bf24bf0_0, 0;
    %jmp T_1.63;
T_1.59 ;
    %pushi/vec4 34, 0, 6;
    %assign/vec4 v0x55ca2bf24bf0_0, 0;
    %jmp T_1.63;
T_1.60 ;
    %pushi/vec4 14, 0, 6;
    %assign/vec4 v0x55ca2bf24bf0_0, 0;
    %jmp T_1.63;
T_1.61 ;
    %load/vec4 v0x55ca2bf23d60_0;
    %flag_set/vec4 8;
    %jmp/0xz  T_1.66, 8;
    %pushi/vec4 5, 0, 6;
    %assign/vec4 v0x55ca2bf24bf0_0, 0;
    %jmp T_1.67;
T_1.66 ;
    %pushi/vec4 1, 0, 6;
    %assign/vec4 v0x55ca2bf24bf0_0, 0;
T_1.67 ;
    %jmp T_1.63;
T_1.62 ;
    %pushi/vec4 5, 0, 6;
    %assign/vec4 v0x55ca2bf24bf0_0, 0;
    %jmp T_1.63;
T_1.63 ;
    %pop/vec4 1;
    %jmp T_1.46;
T_1.4 ;
    %pushi/vec4 279488, 0, 24;
    %assign/vec4 v0x55ca2bf24950_0, 0;
    %load/vec4 v0x55ca2bf24b10_0;
    %dup/vec4;
    %pushi/vec4 0, 0, 4;
    %cmp/u;
    %jmp/1 T_1.68, 6;
    %jmp T_1.69;
T_1.68 ;
    %load/vec4 v0x55ca2bf24a30_0;
    %dup/vec4;
    %pushi/vec4 0, 0, 5;
    %cmp/u;
    %jmp/1 T_1.70, 6;
    %dup/vec4;
    %pushi/vec4 1, 0, 5;
    %cmp/u;
    %jmp/1 T_1.71, 6;
    %dup/vec4;
    %pushi/vec4 2, 0, 5;
    %cmp/u;
    %jmp/1 T_1.72, 6;
    %dup/vec4;
    %pushi/vec4 3, 0, 5;
    %cmp/u;
    %jmp/1 T_1.73, 6;
    %dup/vec4;
    %pushi/vec4 4, 0, 5;
    %cmp/u;
    %jmp/1 T_1.74, 6;
    %dup/vec4;
    %pushi/vec4 5, 0, 5;
    %cmp/u;
    %jmp/1 T_1.75, 6;
    %dup/vec4;
    %pushi/vec4 6, 0, 5;
    %cmp/u;
    %jmp/1 T_1.76, 6;
    %dup/vec4;
    %pushi/vec4 7, 0, 5;
    %cmp/u;
    %jmp/1 T_1.77, 6;
    %dup/vec4;
    %pushi/vec4 8, 0, 5;
    %cmp/u;
    %jmp/1 T_1.78, 6;
    %jmp T_1.79;
T_1.70 ;
    %pushi/vec4 3, 0, 6;
    %assign/vec4 v0x55ca2bf24bf0_0, 0;
    %jmp T_1.79;
T_1.71 ;
    %pushi/vec4 6, 0, 6;
    %assign/vec4 v0x55ca2bf24bf0_0, 0;
    %jmp T_1.79;
T_1.72 ;
    %pushi/vec4 7, 0, 6;
    %assign/vec4 v0x55ca2bf24bf0_0, 0;
    %jmp T_1.79;
T_1.73 ;
    %pushi/vec4 8, 0, 6;
    %assign/vec4 v0x55ca2bf24bf0_0, 0;
    %jmp T_1.79;
T_1.74 ;
    %pushi/vec4 9, 0, 6;
    %assign/vec4 v0x55ca2bf24bf0_0, 0;
    %jmp T_1.79;
T_1.75 ;
    %pushi/vec4 10, 0, 6;
    %assign/vec4 v0x55ca2bf24bf0_0, 0;
    %jmp T_1.79;
T_1.76 ;
    %pushi/vec4 11, 0, 6;
    %assign/vec4 v0x55ca2bf24bf0_0, 0;
    %jmp T_1.79;
T_1.77 ;
    %pushi/vec4 12, 0, 6;
    %assign/vec4 v0x55ca2bf24bf0_0, 0;
    %jmp T_1.79;
T_1.78 ;
    %pushi/vec4 13, 0, 6;
    %assign/vec4 v0x55ca2bf24bf0_0, 0;
    %jmp T_1.79;
T_1.79 ;
    %pop/vec4 1;
    %jmp T_1.69;
T_1.69 ;
    %pop/vec4 1;
    %jmp T_1.46;
T_1.5 ;
    %pushi/vec4 0, 0, 24;
    %assign/vec4 v0x55ca2bf24950_0, 0;
    %load/vec4 v0x55ca2bf24b10_0;
    %dup/vec4;
    %pushi/vec4 0, 0, 4;
    %cmp/u;
    %jmp/1 T_1.80, 6;
    %dup/vec4;
    %pushi/vec4 6, 0, 4;
    %cmp/u;
    %jmp/1 T_1.81, 6;
    %dup/vec4;
    %pushi/vec4 7, 0, 4;
    %cmp/u;
    %jmp/1 T_1.82, 6;
    %dup/vec4;
    %pushi/vec4 8, 0, 4;
    %cmp/u;
    %jmp/1 T_1.83, 6;
    %dup/vec4;
    %pushi/vec4 10, 0, 4;
    %cmp/u;
    %jmp/1 T_1.84, 6;
    %dup/vec4;
    %pushi/vec4 12, 0, 4;
    %cmp/u;
    %jmp/1 T_1.85, 6;
    %dup/vec4;
    %pushi/vec4 13, 0, 4;
    %cmp/u;
    %jmp/1 T_1.86, 6;
    %jmp T_1.87;
T_1.80 ;
    %pushi/vec4 4, 0, 6;
    %assign/vec4 v0x55ca2bf24bf0_0, 0;
    %jmp T_1.87;
T_1.81 ;
    %pushi/vec4 28, 0, 6;
    %assign/vec4 v0x55ca2bf24bf0_0, 0;
    %jmp T_1.87;
T_1.82 ;
    %pushi/vec4 29, 0, 6;
    %assign/vec4 v0x55ca2bf24bf0_0, 0;
    %jmp T_1.87;
T_1.83 ;
    %pushi/vec4 30, 0, 6;
    %assign/vec4 v0x55ca2bf24bf0_0, 0;
    %jmp T_1.87;
T_1.84 ;
    %pushi/vec4 25, 0, 6;
    %assign/vec4 v0x55ca2bf24bf0_0, 0;
    %jmp T_1.87;
T_1.85 ;
    %pushi/vec4 25, 0, 6;
    %assign/vec4 v0x55ca2bf24bf0_0, 0;
    %jmp T_1.87;
T_1.86 ;
    %pushi/vec4 40, 0, 6;
    %assign/vec4 v0x55ca2bf24bf0_0, 0;
    %jmp T_1.87;
T_1.87 ;
    %pop/vec4 1;
    %jmp T_1.46;
T_1.6 ;
    %pushi/vec4 140224, 0, 24;
    %assign/vec4 v0x55ca2bf24950_0, 0;
    %pushi/vec4 5, 0, 6;
    %assign/vec4 v0x55ca2bf24bf0_0, 0;
    %jmp T_1.46;
T_1.7 ;
    %pushi/vec4 4195264, 0, 24;
    %assign/vec4 v0x55ca2bf24950_0, 0;
    %pushi/vec4 0, 0, 6;
    %assign/vec4 v0x55ca2bf24bf0_0, 0;
    %jmp T_1.46;
T_1.8 ;
    %pushi/vec4 64, 0, 24;
    %assign/vec4 v0x55ca2bf24950_0, 0;
    %pushi/vec4 4, 0, 6;
    %assign/vec4 v0x55ca2bf24bf0_0, 0;
    %jmp T_1.46;
T_1.9 ;
    %pushi/vec4 128, 0, 24;
    %assign/vec4 v0x55ca2bf24950_0, 0;
    %pushi/vec4 4, 0, 6;
    %assign/vec4 v0x55ca2bf24bf0_0, 0;
    %jmp T_1.46;
T_1.10 ;
    %pushi/vec4 192, 0, 24;
    %assign/vec4 v0x55ca2bf24950_0, 0;
    %pushi/vec4 4, 0, 6;
    %assign/vec4 v0x55ca2bf24bf0_0, 0;
    %jmp T_1.46;
T_1.11 ;
    %pushi/vec4 256, 0, 24;
    %assign/vec4 v0x55ca2bf24950_0, 0;
    %pushi/vec4 4, 0, 6;
    %assign/vec4 v0x55ca2bf24bf0_0, 0;
    %jmp T_1.46;
T_1.12 ;
    %pushi/vec4 320, 0, 24;
    %assign/vec4 v0x55ca2bf24950_0, 0;
    %pushi/vec4 4, 0, 6;
    %assign/vec4 v0x55ca2bf24bf0_0, 0;
    %jmp T_1.46;
T_1.13 ;
    %pushi/vec4 384, 0, 24;
    %assign/vec4 v0x55ca2bf24950_0, 0;
    %pushi/vec4 4, 0, 6;
    %assign/vec4 v0x55ca2bf24bf0_0, 0;
    %jmp T_1.46;
T_1.14 ;
    %pushi/vec4 448, 0, 24;
    %assign/vec4 v0x55ca2bf24950_0, 0;
    %pushi/vec4 4, 0, 6;
    %assign/vec4 v0x55ca2bf24bf0_0, 0;
    %jmp T_1.46;
T_1.15 ;
    %pushi/vec4 512, 0, 24;
    %assign/vec4 v0x55ca2bf24950_0, 0;
    %pushi/vec4 4, 0, 6;
    %assign/vec4 v0x55ca2bf24bf0_0, 0;
    %jmp T_1.46;
T_1.16 ;
    %pushi/vec4 17344, 0, 24;
    %assign/vec4 v0x55ca2bf24950_0, 0;
    %load/vec4 v0x55ca2bf24b10_0;
    %dup/vec4;
    %pushi/vec4 0, 0, 4;
    %cmp/u;
    %jmp/1 T_1.88, 6;
    %dup/vec4;
    %pushi/vec4 1, 0, 4;
    %cmp/u;
    %jmp/1 T_1.89, 6;
    %dup/vec4;
    %pushi/vec4 2, 0, 4;
    %cmp/u;
    %jmp/1 T_1.90, 6;
    %dup/vec4;
    %pushi/vec4 3, 0, 4;
    %cmp/u;
    %jmp/1 T_1.91, 6;
    %dup/vec4;
    %pushi/vec4 4, 0, 4;
    %cmp/u;
    %jmp/1 T_1.92, 6;
    %dup/vec4;
    %pushi/vec4 6, 0, 4;
    %cmp/u;
    %jmp/1 T_1.93, 6;
    %dup/vec4;
    %pushi/vec4 7, 0, 4;
    %cmp/u;
    %jmp/1 T_1.94, 6;
    %dup/vec4;
    %pushi/vec4 8, 0, 4;
    %cmp/u;
    %jmp/1 T_1.95, 6;
    %dup/vec4;
    %pushi/vec4 13, 0, 4;
    %cmp/u;
    %jmp/1 T_1.96, 6;
    %jmp T_1.97;
T_1.88 ;
    %load/vec4 v0x55ca2bf24a30_0;
    %dup/vec4;
    %pushi/vec4 9, 0, 5;
    %cmp/u;
    %jmp/1 T_1.98, 6;
    %dup/vec4;
    %pushi/vec4 10, 0, 5;
    %cmp/u;
    %jmp/1 T_1.99, 6;
    %dup/vec4;
    %pushi/vec4 11, 0, 5;
    %cmp/u;
    %jmp/1 T_1.100, 6;
    %dup/vec4;
    %pushi/vec4 12, 0, 5;
    %cmp/u;
    %jmp/1 T_1.101, 6;
    %dup/vec4;
    %pushi/vec4 13, 0, 5;
    %cmp/u;
    %jmp/1 T_1.102, 6;
    %dup/vec4;
    %pushi/vec4 14, 0, 5;
    %cmp/u;
    %jmp/1 T_1.103, 6;
    %dup/vec4;
    %pushi/vec4 15, 0, 5;
    %cmp/u;
    %jmp/1 T_1.104, 6;
    %dup/vec4;
    %pushi/vec4 16, 0, 5;
    %cmp/u;
    %jmp/1 T_1.105, 6;
    %dup/vec4;
    %pushi/vec4 17, 0, 5;
    %cmp/u;
    %jmp/1 T_1.106, 6;
    %jmp T_1.107;
T_1.98 ;
    %pushi/vec4 15, 0, 6;
    %assign/vec4 v0x55ca2bf24bf0_0, 0;
    %jmp T_1.107;
T_1.99 ;
    %pushi/vec4 17, 0, 6;
    %assign/vec4 v0x55ca2bf24bf0_0, 0;
    %jmp T_1.107;
T_1.100 ;
    %pushi/vec4 18, 0, 6;
    %assign/vec4 v0x55ca2bf24bf0_0, 0;
    %jmp T_1.107;
T_1.101 ;
    %pushi/vec4 19, 0, 6;
    %assign/vec4 v0x55ca2bf24bf0_0, 0;
    %jmp T_1.107;
T_1.102 ;
    %pushi/vec4 20, 0, 6;
    %assign/vec4 v0x55ca2bf24bf0_0, 0;
    %jmp T_1.107;
T_1.103 ;
    %pushi/vec4 21, 0, 6;
    %assign/vec4 v0x55ca2bf24bf0_0, 0;
    %jmp T_1.107;
T_1.104 ;
    %pushi/vec4 22, 0, 6;
    %assign/vec4 v0x55ca2bf24bf0_0, 0;
    %jmp T_1.107;
T_1.105 ;
    %pushi/vec4 23, 0, 6;
    %assign/vec4 v0x55ca2bf24bf0_0, 0;
    %jmp T_1.107;
T_1.106 ;
    %pushi/vec4 24, 0, 6;
    %assign/vec4 v0x55ca2bf24bf0_0, 0;
    %jmp T_1.107;
T_1.107 ;
    %pop/vec4 1;
    %jmp T_1.97;
T_1.89 ;
    %pushi/vec4 15, 0, 6;
    %assign/vec4 v0x55ca2bf24bf0_0, 0;
    %jmp T_1.97;
T_1.90 ;
    %pushi/vec4 15, 0, 6;
    %assign/vec4 v0x55ca2bf24bf0_0, 0;
    %jmp T_1.97;
T_1.91 ;
    %pushi/vec4 15, 0, 6;
    %assign/vec4 v0x55ca2bf24bf0_0, 0;
    %jmp T_1.97;
T_1.92 ;
    %pushi/vec4 15, 0, 6;
    %assign/vec4 v0x55ca2bf24bf0_0, 0;
    %jmp T_1.97;
T_1.93 ;
    %pushi/vec4 3, 0, 6;
    %assign/vec4 v0x55ca2bf24bf0_0, 0;
    %jmp T_1.97;
T_1.94 ;
    %pushi/vec4 3, 0, 6;
    %assign/vec4 v0x55ca2bf24bf0_0, 0;
    %jmp T_1.97;
T_1.95 ;
    %pushi/vec4 3, 0, 6;
    %assign/vec4 v0x55ca2bf24bf0_0, 0;
    %jmp T_1.97;
T_1.96 ;
    %pushi/vec4 3, 0, 6;
    %assign/vec4 v0x55ca2bf24bf0_0, 0;
    %jmp T_1.97;
T_1.97 ;
    %pop/vec4 1;
    %jmp T_1.46;
T_1.17 ;
    %pushi/vec4 5120, 0, 24;
    %assign/vec4 v0x55ca2bf24950_0, 0;
    %load/vec4 v0x55ca2bf24b10_0;
    %dup/vec4;
    %pushi/vec4 0, 0, 4;
    %cmp/u;
    %jmp/1 T_1.108, 6;
    %dup/vec4;
    %pushi/vec4 1, 0, 4;
    %cmp/u;
    %jmp/1 T_1.109, 6;
    %dup/vec4;
    %pushi/vec4 2, 0, 4;
    %cmp/u;
    %jmp/1 T_1.110, 6;
    %dup/vec4;
    %pushi/vec4 3, 0, 4;
    %cmp/u;
    %jmp/1 T_1.111, 6;
    %dup/vec4;
    %pushi/vec4 4, 0, 4;
    %cmp/u;
    %jmp/1 T_1.112, 6;
    %jmp T_1.113;
T_1.108 ;
    %pushi/vec4 16, 0, 6;
    %assign/vec4 v0x55ca2bf24bf0_0, 0;
    %jmp T_1.113;
T_1.109 ;
    %pushi/vec4 25, 0, 6;
    %assign/vec4 v0x55ca2bf24bf0_0, 0;
    %jmp T_1.113;
T_1.110 ;
    %pushi/vec4 41, 0, 6;
    %assign/vec4 v0x55ca2bf24bf0_0, 0;
    %jmp T_1.113;
T_1.111 ;
    %pushi/vec4 25, 0, 6;
    %assign/vec4 v0x55ca2bf24bf0_0, 0;
    %jmp T_1.113;
T_1.112 ;
    %pushi/vec4 41, 0, 6;
    %assign/vec4 v0x55ca2bf24bf0_0, 0;
    %jmp T_1.113;
T_1.113 ;
    %pop/vec4 1;
    %jmp T_1.46;
T_1.18 ;
    %pushi/vec4 9152, 0, 24;
    %assign/vec4 v0x55ca2bf24950_0, 0;
    %pushi/vec4 5, 0, 6;
    %assign/vec4 v0x55ca2bf24bf0_0, 0;
    %jmp T_1.46;
T_1.19 ;
    %pushi/vec4 5184, 0, 24;
    %assign/vec4 v0x55ca2bf24950_0, 0;
    %pushi/vec4 16, 0, 6;
    %assign/vec4 v0x55ca2bf24bf0_0, 0;
    %jmp T_1.46;
T_1.20 ;
    %pushi/vec4 5248, 0, 24;
    %assign/vec4 v0x55ca2bf24950_0, 0;
    %pushi/vec4 16, 0, 6;
    %assign/vec4 v0x55ca2bf24bf0_0, 0;
    %jmp T_1.46;
T_1.21 ;
    %pushi/vec4 5312, 0, 24;
    %assign/vec4 v0x55ca2bf24950_0, 0;
    %pushi/vec4 16, 0, 6;
    %assign/vec4 v0x55ca2bf24bf0_0, 0;
    %jmp T_1.46;
T_1.22 ;
    %pushi/vec4 5376, 0, 24;
    %assign/vec4 v0x55ca2bf24950_0, 0;
    %pushi/vec4 16, 0, 6;
    %assign/vec4 v0x55ca2bf24bf0_0, 0;
    %jmp T_1.46;
T_1.23 ;
    %pushi/vec4 5440, 0, 24;
    %assign/vec4 v0x55ca2bf24950_0, 0;
    %pushi/vec4 16, 0, 6;
    %assign/vec4 v0x55ca2bf24bf0_0, 0;
    %jmp T_1.46;
T_1.24 ;
    %pushi/vec4 5504, 0, 24;
    %assign/vec4 v0x55ca2bf24950_0, 0;
    %pushi/vec4 16, 0, 6;
    %assign/vec4 v0x55ca2bf24bf0_0, 0;
    %jmp T_1.46;
T_1.25 ;
    %pushi/vec4 5568, 0, 24;
    %assign/vec4 v0x55ca2bf24950_0, 0;
    %pushi/vec4 16, 0, 6;
    %assign/vec4 v0x55ca2bf24bf0_0, 0;
    %jmp T_1.46;
T_1.26 ;
    %pushi/vec4 5632, 0, 24;
    %assign/vec4 v0x55ca2bf24950_0, 0;
    %pushi/vec4 16, 0, 6;
    %assign/vec4 v0x55ca2bf24bf0_0, 0;
    %jmp T_1.46;
T_1.27 ;
    %pushi/vec4 962, 0, 24;
    %assign/vec4 v0x55ca2bf24950_0, 0;
    %load/vec4 v0x55ca2bf24b10_0;
    %dup/vec4;
    %pushi/vec4 1, 0, 4;
    %cmp/u;
    %jmp/1 T_1.114, 6;
    %dup/vec4;
    %pushi/vec4 3, 0, 4;
    %cmp/u;
    %jmp/1 T_1.115, 6;
    %dup/vec4;
    %pushi/vec4 10, 0, 4;
    %cmp/u;
    %jmp/1 T_1.116, 6;
    %dup/vec4;
    %pushi/vec4 12, 0, 4;
    %cmp/u;
    %jmp/1 T_1.117, 6;
    %jmp T_1.118;
T_1.114 ;
    %pushi/vec4 26, 0, 6;
    %assign/vec4 v0x55ca2bf24bf0_0, 0;
    %jmp T_1.118;
T_1.115 ;
    %pushi/vec4 26, 0, 6;
    %assign/vec4 v0x55ca2bf24bf0_0, 0;
    %jmp T_1.118;
T_1.116 ;
    %pushi/vec4 35, 0, 6;
    %assign/vec4 v0x55ca2bf24bf0_0, 0;
    %jmp T_1.118;
T_1.117 ;
    %pushi/vec4 39, 0, 6;
    %assign/vec4 v0x55ca2bf24bf0_0, 0;
    %jmp T_1.118;
T_1.118 ;
    %pop/vec4 1;
    %jmp T_1.46;
T_1.28 ;
    %pushi/vec4 107456, 0, 24;
    %assign/vec4 v0x55ca2bf24950_0, 0;
    %pushi/vec4 5, 0, 6;
    %assign/vec4 v0x55ca2bf24bf0_0, 0;
    %jmp T_1.46;
T_1.29 ;
    %pushi/vec4 961, 0, 24;
    %assign/vec4 v0x55ca2bf24950_0, 0;
    %pushi/vec4 5, 0, 6;
    %assign/vec4 v0x55ca2bf24bf0_0, 0;
    %jmp T_1.46;
T_1.30 ;
    %pushi/vec4 4199376, 0, 24;
    %assign/vec4 v0x55ca2bf24950_0, 0;
    %pushi/vec4 0, 0, 6;
    %assign/vec4 v0x55ca2bf24bf0_0, 0;
    %jmp T_1.46;
T_1.31 ;
    %pushi/vec4 4199384, 0, 24;
    %assign/vec4 v0x55ca2bf24950_0, 0;
    %pushi/vec4 0, 0, 6;
    %assign/vec4 v0x55ca2bf24bf0_0, 0;
    %jmp T_1.46;
T_1.32 ;
    %pushi/vec4 4199392, 0, 24;
    %assign/vec4 v0x55ca2bf24950_0, 0;
    %pushi/vec4 0, 0, 6;
    %assign/vec4 v0x55ca2bf24bf0_0, 0;
    %jmp T_1.46;
T_1.33 ;
    %pushi/vec4 1328064, 0, 24;
    %assign/vec4 v0x55ca2bf24950_0, 0;
    %pushi/vec4 32, 0, 6;
    %assign/vec4 v0x55ca2bf24bf0_0, 0;
    %jmp T_1.46;
T_1.34 ;
    %pushi/vec4 2112, 0, 24;
    %assign/vec4 v0x55ca2bf24950_0, 0;
    %load/vec4 v0x55ca2bf24b10_0;
    %dup/vec4;
    %pushi/vec4 9, 0, 4;
    %cmp/u;
    %jmp/1 T_1.119, 6;
    %dup/vec4;
    %pushi/vec4 11, 0, 4;
    %cmp/u;
    %jmp/1 T_1.120, 6;
    %jmp T_1.121;
T_1.119 ;
    %pushi/vec4 33, 0, 6;
    %assign/vec4 v0x55ca2bf24bf0_0, 0;
    %jmp T_1.121;
T_1.120 ;
    %pushi/vec4 37, 0, 6;
    %assign/vec4 v0x55ca2bf24bf0_0, 0;
    %jmp T_1.121;
T_1.121 ;
    %pop/vec4 1;
    %jmp T_1.46;
T_1.35 ;
    %pushi/vec4 1057729, 0, 24;
    %assign/vec4 v0x55ca2bf24950_0, 0;
    %pushi/vec4 5, 0, 6;
    %assign/vec4 v0x55ca2bf24bf0_0, 0;
    %jmp T_1.46;
T_1.36 ;
    %pushi/vec4 1065920, 0, 24;
    %assign/vec4 v0x55ca2bf24950_0, 0;
    %load/vec4 v0x55ca2bf24b10_0;
    %dup/vec4;
    %pushi/vec4 10, 0, 4;
    %cmp/u;
    %jmp/1 T_1.122, 6;
    %dup/vec4;
    %pushi/vec4 11, 0, 4;
    %cmp/u;
    %jmp/1 T_1.123, 6;
    %dup/vec4;
    %pushi/vec4 12, 0, 4;
    %cmp/u;
    %jmp/1 T_1.124, 6;
    %jmp T_1.125;
T_1.122 ;
    %pushi/vec4 3, 0, 6;
    %assign/vec4 v0x55ca2bf24bf0_0, 0;
    %jmp T_1.125;
T_1.123 ;
    %pushi/vec4 32, 0, 6;
    %assign/vec4 v0x55ca2bf24bf0_0, 0;
    %jmp T_1.125;
T_1.124 ;
    %pushi/vec4 3, 0, 6;
    %assign/vec4 v0x55ca2bf24bf0_0, 0;
    %jmp T_1.125;
T_1.125 ;
    %pop/vec4 1;
    %jmp T_1.46;
T_1.37 ;
    %pushi/vec4 174080, 0, 24;
    %assign/vec4 v0x55ca2bf24950_0, 0;
    %pushi/vec4 36, 0, 6;
    %assign/vec4 v0x55ca2bf24bf0_0, 0;
    %jmp T_1.46;
T_1.38 ;
    %pushi/vec4 5252032, 0, 24;
    %assign/vec4 v0x55ca2bf24950_0, 0;
    %pushi/vec4 0, 0, 6;
    %assign/vec4 v0x55ca2bf24bf0_0, 0;
    %jmp T_1.46;
T_1.39 ;
    %pushi/vec4 1057733, 0, 24;
    %assign/vec4 v0x55ca2bf24950_0, 0;
    %pushi/vec4 38, 0, 6;
    %assign/vec4 v0x55ca2bf24bf0_0, 0;
    %jmp T_1.46;
T_1.40 ;
    %pushi/vec4 4195272, 0, 24;
    %assign/vec4 v0x55ca2bf24950_0, 0;
    %pushi/vec4 0, 0, 6;
    %assign/vec4 v0x55ca2bf24bf0_0, 0;
    %jmp T_1.46;
T_1.41 ;
    %pushi/vec4 12584960, 0, 24;
    %assign/vec4 v0x55ca2bf24950_0, 0;
    %pushi/vec4 42, 0, 6;
    %assign/vec4 v0x55ca2bf24bf0_0, 0;
    %jmp T_1.46;
T_1.42 ;
    %pushi/vec4 4268992, 0, 24;
    %assign/vec4 v0x55ca2bf24950_0, 0;
    %pushi/vec4 0, 0, 6;
    %assign/vec4 v0x55ca2bf24bf0_0, 0;
    %jmp T_1.46;
T_1.43 ;
    %pushi/vec4 541632, 0, 24;
    %assign/vec4 v0x55ca2bf24950_0, 0;
    %pushi/vec4 27, 0, 6;
    %assign/vec4 v0x55ca2bf24bf0_0, 0;
    %jmp T_1.46;
T_1.44 ;
    %pushi/vec4 1057728, 0, 24;
    %assign/vec4 v0x55ca2bf24950_0, 0;
    %pushi/vec4 0, 0, 6;
    %assign/vec4 v0x55ca2bf24bf0_0, 0;
    %jmp T_1.46;
T_1.46 ;
    %pop/vec4 1;
T_1.0 ;
    %jmp T_1;
    .thread T_1;
    .scope S_0x55ca2bf2e6e0;
T_2 ;
    %pushi/vec4 0, 0, 32;
    %assign/vec4 v0x55ca2bf2eac0_0, 0;
    %end;
    .thread T_2;
    .scope S_0x55ca2bf2e6e0;
T_3 ;
    %wait E_0x55ca2bdc49b0;
    %load/vec4 v0x55ca2bf2eb90_0;
    %flag_set/vec4 8;
    %jmp/0xz  T_3.0, 8;
    %load/vec4 v0x55ca2bf2e9d0_0;
    %assign/vec4 v0x55ca2bf2eac0_0, 0;
T_3.0 ;
    %jmp T_3;
    .thread T_3;
    .scope S_0x55ca2bf25c40;
T_4 ;
    %pushi/vec4 8388649, 0, 32;
    %split/vec4 8;
    %ix/load 3, 3, 0;
    %flag_set/imm 4, 0;
    %ix/load 4, 0, 0; Constant delay
    %assign/vec4/a/d v0x55ca2bf26b40, 0, 4;
    %split/vec4 8;
    %ix/load 3, 2, 0;
    %flag_set/imm 4, 0;
    %ix/load 4, 0, 0; Constant delay
    %assign/vec4/a/d v0x55ca2bf26b40, 0, 4;
    %split/vec4 8;
    %ix/load 3, 1, 0;
    %flag_set/imm 4, 0;
    %ix/load 4, 0, 0; Constant delay
    %assign/vec4/a/d v0x55ca2bf26b40, 0, 4;
    %ix/load 3, 0, 0;
    %flag_set/imm 4, 0;
    %ix/load 4, 0, 0; Constant delay
    %assign/vec4/a/d v0x55ca2bf26b40, 0, 4;
    %pushi/vec4 536870913, 0, 32;
    %split/vec4 8;
    %ix/load 3, 7, 0;
    %flag_set/imm 4, 0;
    %ix/load 4, 0, 0; Constant delay
    %assign/vec4/a/d v0x55ca2bf26b40, 0, 4;
    %split/vec4 8;
    %ix/load 3, 6, 0;
    %flag_set/imm 4, 0;
    %ix/load 4, 0, 0; Constant delay
    %assign/vec4/a/d v0x55ca2bf26b40, 0, 4;
    %split/vec4 8;
    %ix/load 3, 5, 0;
    %flag_set/imm 4, 0;
    %ix/load 4, 0, 0; Constant delay
    %assign/vec4/a/d v0x55ca2bf26b40, 0, 4;
    %ix/load 3, 4, 0;
    %flag_set/imm 4, 0;
    %ix/load 4, 0, 0; Constant delay
    %assign/vec4/a/d v0x55ca2bf26b40, 0, 4;
    %pushi/vec4 4026531840, 0, 32;
    %split/vec4 8;
    %ix/load 3, 11, 0;
    %flag_set/imm 4, 0;
    %ix/load 4, 0, 0; Constant delay
    %assign/vec4/a/d v0x55ca2bf26b40, 0, 4;
    %split/vec4 8;
    %ix/load 3, 10, 0;
    %flag_set/imm 4, 0;
    %ix/load 4, 0, 0; Constant delay
    %assign/vec4/a/d v0x55ca2bf26b40, 0, 4;
    %split/vec4 8;
    %ix/load 3, 9, 0;
    %flag_set/imm 4, 0;
    %ix/load 4, 0, 0; Constant delay
    %assign/vec4/a/d v0x55ca2bf26b40, 0, 4;
    %ix/load 3, 8, 0;
    %flag_set/imm 4, 0;
    %ix/load 4, 0, 0; Constant delay
    %assign/vec4/a/d v0x55ca2bf26b40, 0, 4;
    %pushi/vec4 1342177288, 0, 32;
    %split/vec4 8;
    %ix/load 3, 15, 0;
    %flag_set/imm 4, 0;
    %ix/load 4, 0, 0; Constant delay
    %assign/vec4/a/d v0x55ca2bf26b40, 0, 4;
    %split/vec4 8;
    %ix/load 3, 14, 0;
    %flag_set/imm 4, 0;
    %ix/load 4, 0, 0; Constant delay
    %assign/vec4/a/d v0x55ca2bf26b40, 0, 4;
    %split/vec4 8;
    %ix/load 3, 13, 0;
    %flag_set/imm 4, 0;
    %ix/load 4, 0, 0; Constant delay
    %assign/vec4/a/d v0x55ca2bf26b40, 0, 4;
    %ix/load 3, 12, 0;
    %flag_set/imm 4, 0;
    %ix/load 4, 0, 0; Constant delay
    %assign/vec4/a/d v0x55ca2bf26b40, 0, 4;
    %pushi/vec4 268435471, 0, 32;
    %split/vec4 8;
    %ix/load 3, 19, 0;
    %flag_set/imm 4, 0;
    %ix/load 4, 0, 0; Constant delay
    %assign/vec4/a/d v0x55ca2bf26b40, 0, 4;
    %split/vec4 8;
    %ix/load 3, 18, 0;
    %flag_set/imm 4, 0;
    %ix/load 4, 0, 0; Constant delay
    %assign/vec4/a/d v0x55ca2bf26b40, 0, 4;
    %split/vec4 8;
    %ix/load 3, 17, 0;
    %flag_set/imm 4, 0;
    %ix/load 4, 0, 0; Constant delay
    %assign/vec4/a/d v0x55ca2bf26b40, 0, 4;
    %ix/load 3, 16, 0;
    %flag_set/imm 4, 0;
    %ix/load 4, 0, 0; Constant delay
    %assign/vec4/a/d v0x55ca2bf26b40, 0, 4;
    %pushi/vec4 2952790052, 0, 32;
    %split/vec4 8;
    %ix/load 3, 23, 0;
    %flag_set/imm 4, 0;
    %ix/load 4, 0, 0; Constant delay
    %assign/vec4/a/d v0x55ca2bf26b40, 0, 4;
    %split/vec4 8;
    %ix/load 3, 22, 0;
    %flag_set/imm 4, 0;
    %ix/load 4, 0, 0; Constant delay
    %assign/vec4/a/d v0x55ca2bf26b40, 0, 4;
    %split/vec4 8;
    %ix/load 3, 21, 0;
    %flag_set/imm 4, 0;
    %ix/load 4, 0, 0; Constant delay
    %assign/vec4/a/d v0x55ca2bf26b40, 0, 4;
    %ix/load 3, 20, 0;
    %flag_set/imm 4, 0;
    %ix/load 4, 0, 0; Constant delay
    %assign/vec4/a/d v0x55ca2bf26b40, 0, 4;
    %pushi/vec4 12443648, 0, 32;
    %split/vec4 8;
    %ix/load 3, 27, 0;
    %flag_set/imm 4, 0;
    %ix/load 4, 0, 0; Constant delay
    %assign/vec4/a/d v0x55ca2bf26b40, 0, 4;
    %split/vec4 8;
    %ix/load 3, 26, 0;
    %flag_set/imm 4, 0;
    %ix/load 4, 0, 0; Constant delay
    %assign/vec4/a/d v0x55ca2bf26b40, 0, 4;
    %split/vec4 8;
    %ix/load 3, 25, 0;
    %flag_set/imm 4, 0;
    %ix/load 4, 0, 0; Constant delay
    %assign/vec4/a/d v0x55ca2bf26b40, 0, 4;
    %ix/load 3, 24, 0;
    %flag_set/imm 4, 0;
    %ix/load 4, 0, 0; Constant delay
    %assign/vec4/a/d v0x55ca2bf26b40, 0, 4;
    %pushi/vec4 1744830208, 0, 32;
    %split/vec4 8;
    %ix/load 3, 31, 0;
    %flag_set/imm 4, 0;
    %ix/load 4, 0, 0; Constant delay
    %assign/vec4/a/d v0x55ca2bf26b40, 0, 4;
    %split/vec4 8;
    %ix/load 3, 30, 0;
    %flag_set/imm 4, 0;
    %ix/load 4, 0, 0; Constant delay
    %assign/vec4/a/d v0x55ca2bf26b40, 0, 4;
    %split/vec4 8;
    %ix/load 3, 29, 0;
    %flag_set/imm 4, 0;
    %ix/load 4, 0, 0; Constant delay
    %assign/vec4/a/d v0x55ca2bf26b40, 0, 4;
    %ix/load 3, 28, 0;
    %flag_set/imm 4, 0;
    %ix/load 4, 0, 0; Constant delay
    %assign/vec4/a/d v0x55ca2bf26b40, 0, 4;
    %pushi/vec4 2419851264, 0, 32;
    %split/vec4 8;
    %ix/load 3, 35, 0;
    %flag_set/imm 4, 0;
    %ix/load 4, 0, 0; Constant delay
    %assign/vec4/a/d v0x55ca2bf26b40, 0, 4;
    %split/vec4 8;
    %ix/load 3, 34, 0;
    %flag_set/imm 4, 0;
    %ix/load 4, 0, 0; Constant delay
    %assign/vec4/a/d v0x55ca2bf26b40, 0, 4;
    %split/vec4 8;
    %ix/load 3, 33, 0;
    %flag_set/imm 4, 0;
    %ix/load 4, 0, 0; Constant delay
    %assign/vec4/a/d v0x55ca2bf26b40, 0, 4;
    %ix/load 3, 32, 0;
    %flag_set/imm 4, 0;
    %ix/load 4, 0, 0; Constant delay
    %assign/vec4/a/d v0x55ca2bf26b40, 0, 4;
    %pushi/vec4 2684370944, 0, 32;
    %split/vec4 8;
    %ix/load 3, 39, 0;
    %flag_set/imm 4, 0;
    %ix/load 4, 0, 0; Constant delay
    %assign/vec4/a/d v0x55ca2bf26b40, 0, 4;
    %split/vec4 8;
    %ix/load 3, 38, 0;
    %flag_set/imm 4, 0;
    %ix/load 4, 0, 0; Constant delay
    %assign/vec4/a/d v0x55ca2bf26b40, 0, 4;
    %split/vec4 8;
    %ix/load 3, 37, 0;
    %flag_set/imm 4, 0;
    %ix/load 4, 0, 0; Constant delay
    %assign/vec4/a/d v0x55ca2bf26b40, 0, 4;
    %ix/load 3, 36, 0;
    %flag_set/imm 4, 0;
    %ix/load 4, 0, 0; Constant delay
    %assign/vec4/a/d v0x55ca2bf26b40, 0, 4;
    %pushi/vec4 20832257, 0, 32;
    %split/vec4 8;
    %ix/load 3, 43, 0;
    %flag_set/imm 4, 0;
    %ix/load 4, 0, 0; Constant delay
    %assign/vec4/a/d v0x55ca2bf26b40, 0, 4;
    %split/vec4 8;
    %ix/load 3, 42, 0;
    %flag_set/imm 4, 0;
    %ix/load 4, 0, 0; Constant delay
    %assign/vec4/a/d v0x55ca2bf26b40, 0, 4;
    %split/vec4 8;
    %ix/load 3, 41, 0;
    %flag_set/imm 4, 0;
    %ix/load 4, 0, 0; Constant delay
    %assign/vec4/a/d v0x55ca2bf26b40, 0, 4;
    %ix/load 3, 40, 0;
    %flag_set/imm 4, 0;
    %ix/load 4, 0, 0; Constant delay
    %assign/vec4/a/d v0x55ca2bf26b40, 0, 4;
    %pushi/vec4 3498049551, 0, 32;
    %split/vec4 8;
    %ix/load 3, 47, 0;
    %flag_set/imm 4, 0;
    %ix/load 4, 0, 0; Constant delay
    %assign/vec4/a/d v0x55ca2bf26b40, 0, 4;
    %split/vec4 8;
    %ix/load 3, 46, 0;
    %flag_set/imm 4, 0;
    %ix/load 4, 0, 0; Constant delay
    %assign/vec4/a/d v0x55ca2bf26b40, 0, 4;
    %split/vec4 8;
    %ix/load 3, 45, 0;
    %flag_set/imm 4, 0;
    %ix/load 4, 0, 0; Constant delay
    %assign/vec4/a/d v0x55ca2bf26b40, 0, 4;
    %ix/load 3, 44, 0;
    %flag_set/imm 4, 0;
    %ix/load 4, 0, 0; Constant delay
    %assign/vec4/a/d v0x55ca2bf26b40, 0, 4;
    %pushi/vec4 3758096384, 0, 32;
    %split/vec4 8;
    %ix/load 3, 51, 0;
    %flag_set/imm 4, 0;
    %ix/load 4, 0, 0; Constant delay
    %assign/vec4/a/d v0x55ca2bf26b40, 0, 4;
    %split/vec4 8;
    %ix/load 3, 50, 0;
    %flag_set/imm 4, 0;
    %ix/load 4, 0, 0; Constant delay
    %assign/vec4/a/d v0x55ca2bf26b40, 0, 4;
    %split/vec4 8;
    %ix/load 3, 49, 0;
    %flag_set/imm 4, 0;
    %ix/load 4, 0, 0; Constant delay
    %assign/vec4/a/d v0x55ca2bf26b40, 0, 4;
    %ix/load 3, 48, 0;
    %flag_set/imm 4, 0;
    %ix/load 4, 0, 0; Constant delay
    %assign/vec4/a/d v0x55ca2bf26b40, 0, 4;
    %pushi/vec4 2013265024, 0, 32;
    %split/vec4 8;
    %ix/load 3, 55, 0;
    %flag_set/imm 4, 0;
    %ix/load 4, 0, 0; Constant delay
    %assign/vec4/a/d v0x55ca2bf26b40, 0, 4;
    %split/vec4 8;
    %ix/load 3, 54, 0;
    %flag_set/imm 4, 0;
    %ix/load 4, 0, 0; Constant delay
    %assign/vec4/a/d v0x55ca2bf26b40, 0, 4;
    %split/vec4 8;
    %ix/load 3, 53, 0;
    %flag_set/imm 4, 0;
    %ix/load 4, 0, 0; Constant delay
    %assign/vec4/a/d v0x55ca2bf26b40, 0, 4;
    %ix/load 3, 52, 0;
    %flag_set/imm 4, 0;
    %ix/load 4, 0, 0; Constant delay
    %assign/vec4/a/d v0x55ca2bf26b40, 0, 4;
    %pushi/vec4 3221225472, 0, 32;
    %split/vec4 8;
    %ix/load 3, 59, 0;
    %flag_set/imm 4, 0;
    %ix/load 4, 0, 0; Constant delay
    %assign/vec4/a/d v0x55ca2bf26b40, 0, 4;
    %split/vec4 8;
    %ix/load 3, 58, 0;
    %flag_set/imm 4, 0;
    %ix/load 4, 0, 0; Constant delay
    %assign/vec4/a/d v0x55ca2bf26b40, 0, 4;
    %split/vec4 8;
    %ix/load 3, 57, 0;
    %flag_set/imm 4, 0;
    %ix/load 4, 0, 0; Constant delay
    %assign/vec4/a/d v0x55ca2bf26b40, 0, 4;
    %ix/load 3, 56, 0;
    %flag_set/imm 4, 0;
    %ix/load 4, 0, 0; Constant delay
    %assign/vec4/a/d v0x55ca2bf26b40, 0, 4;
    %pushi/vec4 0, 0, 32;
    %assign/vec4 v0x55ca2bf27c00_0, 0;
    %end;
    .thread T_4;
    .scope S_0x55ca2bf25c40;
T_5 ;
    %wait E_0x55ca2bea0310;
    %load/vec4 v0x55ca2bf26390_0;
    %flag_set/vec4 8;
    %jmp/0xz  T_5.0, 8;
    %load/vec4 v0x55ca2bf26a80_0;
    %parti/s 7, 0, 2;
    %pad/u 9;
    %ix/vec4 4;
    %load/vec4a v0x55ca2bf26b40, 4;
    %load/vec4 v0x55ca2bf26a80_0;
    %parti/s 7, 0, 2;
    %pad/u 33;
    %addi 1, 0, 33;
    %ix/vec4 4;
    %load/vec4a v0x55ca2bf26b40, 4;
    %concat/vec4; draw_concat_vec4
    %load/vec4 v0x55ca2bf26a80_0;
    %parti/s 7, 0, 2;
    %pad/u 33;
    %addi 2, 0, 33;
    %ix/vec4 4;
    %load/vec4a v0x55ca2bf26b40, 4;
    %concat/vec4; draw_concat_vec4
    %load/vec4 v0x55ca2bf26a80_0;
    %parti/s 7, 0, 2;
    %pad/u 33;
    %addi 3, 0, 33;
    %ix/vec4 4;
    %load/vec4a v0x55ca2bf26b40, 4;
    %concat/vec4; draw_concat_vec4
    %assign/vec4 v0x55ca2bf27c00_0, 0;
T_5.0 ;
    %jmp T_5;
    .thread T_5, $push;
    .scope S_0x55ca2bf2f220;
T_6 ;
    %pushi/vec4 0, 0, 32;
    %store/vec4 v0x55ca2bf2f7d0_0, 0, 32;
T_6.0 ;
    %load/vec4 v0x55ca2bf2f7d0_0;
    %cmpi/s 15, 0, 32;
    %flag_or 5, 4;
    %jmp/0xz T_6.1, 5;
    %pushi/vec4 0, 0, 32;
    %ix/getv/s 3, v0x55ca2bf2f7d0_0;
    %ix/load 4, 0, 0; Constant delay
    %assign/vec4/a/d v0x55ca2bf2fd60, 0, 4;
    %load/vec4 v0x55ca2bf2f7d0_0;
    %addi 1, 0, 32;
    %store/vec4 v0x55ca2bf2f7d0_0, 0, 32;
    %jmp T_6.0;
T_6.1 ;
    %pushi/vec4 65536, 0, 32;
    %assign/vec4 v0x55ca2bf30170_0, 0;
    %end;
    .thread T_6;
    .scope S_0x55ca2bf2f220;
T_7 ;
    %wait E_0x55ca2bdc49b0;
    %load/vec4 v0x55ca2bf300b0_0;
    %flag_set/vec4 8;
    %jmp/0xz  T_7.0, 8;
    %pushi/vec4 0, 0, 32;
    %store/vec4 v0x55ca2bf2f7d0_0, 0, 32;
T_7.2 ;
    %load/vec4 v0x55ca2bf2f7d0_0;
    %cmpi/s 15, 0, 32;
    %flag_or 5, 4;
    %jmp/0xz T_7.3, 5;
    %pushi/vec4 0, 0, 32;
    %ix/getv/s 3, v0x55ca2bf2f7d0_0;
    %ix/load 4, 0, 0; Constant delay
    %assign/vec4/a/d v0x55ca2bf2fd60, 0, 4;
    %load/vec4 v0x55ca2bf2f7d0_0;
    %addi 1, 0, 32;
    %store/vec4 v0x55ca2bf2f7d0_0, 0, 32;
    %jmp T_7.2;
T_7.3 ;
    %pushi/vec4 0, 0, 32;
    %assign/vec4 v0x55ca2bf30170_0, 0;
    %jmp T_7.1;
T_7.0 ;
    %load/vec4 v0x55ca2bf2f5e0_0;
    %pushi/vec4 0, 0, 32;
    %load/vec4 v0x55ca2bf30310_0;
    %pad/u 32;
    %cmp/u;
    %flag_get/vec4 5;
    %and;
    %flag_set/vec4 8;
    %jmp/0xz  T_7.4, 8;
    %load/vec4 v0x55ca2bf30310_0;
    %pad/u 32;
    %cmpi/u 16, 0, 32;
    %jmp/0xz  T_7.6, 5;
    %load/vec4 v0x55ca2bf30250_0;
    %load/vec4 v0x55ca2bf30310_0;
    %parti/s 4, 0, 2;
    %pad/u 6;
    %ix/vec4 3;
    %ix/load 4, 0, 0; Constant delay
    %assign/vec4/a/d v0x55ca2bf2fd60, 0, 4;
    %jmp T_7.7;
T_7.6 ;
    %load/vec4 v0x55ca2bf30310_0;
    %pad/u 32;
    %cmpi/e 16, 0, 32;
    %jmp/0xz  T_7.8, 4;
    %load/vec4 v0x55ca2bf30250_0;
    %assign/vec4 v0x55ca2bf30170_0, 0;
T_7.8 ;
T_7.7 ;
T_7.4 ;
T_7.1 ;
    %jmp T_7;
    .thread T_7;
    .scope S_0x55ca2bf2f220;
T_8 ;
    %wait E_0x55ca2bf2f400;
    %load/vec4 v0x55ca2bf2f4f0_0;
    %flag_set/vec4 8;
    %jmp/0xz  T_8.0, 8;
    %load/vec4 v0x55ca2bf2f870_0;
    %pad/u 32;
    %cmpi/u 16, 0, 32;
    %jmp/0xz  T_8.2, 5;
    %load/vec4 v0x55ca2bf2f870_0;
    %parti/s 4, 0, 2;
    %pad/u 6;
    %ix/vec4 4;
    %load/vec4a v0x55ca2bf2fd60, 4;
    %assign/vec4 v0x55ca2bf2fb30_0, 0;
    %jmp T_8.3;
T_8.2 ;
    %load/vec4 v0x55ca2bf2f870_0;
    %pad/u 32;
    %cmpi/e 16, 0, 32;
    %jmp/0xz  T_8.4, 4;
    %load/vec4 v0x55ca2bf30170_0;
    %assign/vec4 v0x55ca2bf2fb30_0, 0;
T_8.4 ;
T_8.3 ;
    %load/vec4 v0x55ca2bf2f9b0_0;
    %pad/u 32;
    %cmpi/u 16, 0, 32;
    %jmp/0xz  T_8.6, 5;
    %load/vec4 v0x55ca2bf2f9b0_0;
    %parti/s 4, 0, 2;
    %pad/u 6;
    %ix/vec4 4;
    %load/vec4a v0x55ca2bf2fd60, 4;
    %assign/vec4 v0x55ca2bf2fc10_0, 0;
    %jmp T_8.7;
T_8.6 ;
    %load/vec4 v0x55ca2bf2f9b0_0;
    %pad/u 32;
    %cmpi/e 16, 0, 32;
    %jmp/0xz  T_8.8, 4;
    %load/vec4 v0x55ca2bf30170_0;
    %assign/vec4 v0x55ca2bf2fc10_0, 0;
T_8.8 ;
T_8.7 ;
T_8.0 ;
    %jmp T_8;
    .thread T_8, $push;
    .scope S_0x55ca2bf31160;
T_9 ;
    %pushi/vec4 0, 0, 32;
    %assign/vec4 v0x55ca2bf317e0_0, 0;
    %pushi/vec4 0, 0, 1;
    %assign/vec4 v0x55ca2bf31a60_0, 0;
    %pushi/vec4 0, 0, 1;
    %assign/vec4 v0x55ca2bf319c0_0, 0;
    %pushi/vec4 0, 0, 1;
    %assign/vec4 v0x55ca2bf318d0_0, 0;
    %end;
    .thread T_9;
    .scope S_0x55ca2bf31160;
T_10 ;
    %wait E_0x55ca2bf31490;
    %load/vec4 v0x55ca2bf316e0_0;
    %dup/vec4;
    %pushi/vec4 0, 0, 4;
    %cmp/u;
    %jmp/1 T_10.0, 6;
    %dup/vec4;
    %pushi/vec4 1, 0, 4;
    %cmp/u;
    %jmp/1 T_10.1, 6;
    %dup/vec4;
    %pushi/vec4 2, 0, 4;
    %cmp/u;
    %jmp/1 T_10.2, 6;
    %dup/vec4;
    %pushi/vec4 3, 0, 4;
    %cmp/u;
    %jmp/1 T_10.3, 6;
    %dup/vec4;
    %pushi/vec4 4, 0, 4;
    %cmp/u;
    %jmp/1 T_10.4, 6;
    %dup/vec4;
    %pushi/vec4 5, 0, 4;
    %cmp/u;
    %jmp/1 T_10.5, 6;
    %dup/vec4;
    %pushi/vec4 6, 0, 4;
    %cmp/u;
    %jmp/1 T_10.6, 6;
    %dup/vec4;
    %pushi/vec4 7, 0, 4;
    %cmp/u;
    %jmp/1 T_10.7, 6;
    %dup/vec4;
    %pushi/vec4 8, 0, 4;
    %cmp/u;
    %jmp/1 T_10.8, 6;
    %jmp T_10.9;
T_10.0 ;
    %load/vec4 v0x55ca2bf31500_0;
    %load/vec4 v0x55ca2bf31610_0;
    %add;
    %assign/vec4 v0x55ca2bf317e0_0, 0;
    %jmp T_10.9;
T_10.1 ;
    %load/vec4 v0x55ca2bf31500_0;
    %load/vec4 v0x55ca2bf31610_0;
    %sub;
    %assign/vec4 v0x55ca2bf317e0_0, 0;
    %jmp T_10.9;
T_10.2 ;
    %load/vec4 v0x55ca2bf31500_0;
    %load/vec4 v0x55ca2bf31610_0;
    %and;
    %assign/vec4 v0x55ca2bf317e0_0, 0;
    %jmp T_10.9;
T_10.3 ;
    %load/vec4 v0x55ca2bf31500_0;
    %load/vec4 v0x55ca2bf31610_0;
    %or;
    %assign/vec4 v0x55ca2bf317e0_0, 0;
    %jmp T_10.9;
T_10.4 ;
    %load/vec4 v0x55ca2bf31500_0;
    %load/vec4 v0x55ca2bf31610_0;
    %xor;
    %assign/vec4 v0x55ca2bf317e0_0, 0;
    %jmp T_10.9;
T_10.5 ;
    %load/vec4 v0x55ca2bf31500_0;
    %inv;
    %assign/vec4 v0x55ca2bf317e0_0, 0;
    %jmp T_10.9;
T_10.6 ;
    %load/vec4 v0x55ca2bf31500_0;
    %load/vec4 v0x55ca2bf31610_0;
    %parti/s 1, 0, 2;
    %ix/vec4 4;
    %shiftl 4;
    %assign/vec4 v0x55ca2bf317e0_0, 0;
    %jmp T_10.9;
T_10.7 ;
    %load/vec4 v0x55ca2bf31500_0;
    %load/vec4 v0x55ca2bf31610_0;
    %parti/s 1, 0, 2;
    %ix/vec4 4;
    %shiftr 4;
    %assign/vec4 v0x55ca2bf317e0_0, 0;
    %jmp T_10.9;
T_10.8 ;
    %load/vec4 v0x55ca2bf31500_0;
    %load/vec4 v0x55ca2bf31610_0;
    %parti/s 1, 0, 2;
    %ix/vec4 4;
    %shiftr 4;
    %assign/vec4 v0x55ca2bf317e0_0, 0;
    %jmp T_10.9;
T_10.9 ;
    %pop/vec4 1;
    %load/vec4 v0x55ca2bf316e0_0;
    %pad/u 32;
    %cmpi/u 8, 0, 32;
    %flag_or 5, 4;
    %jmp/0xz  T_10.10, 5;
    %load/vec4 v0x55ca2bf317e0_0;
    %pushi/vec4 0, 0, 32;
    %cmp/e;
    %flag_get/vec4 4;
    %assign/vec4 v0x55ca2bf31a60_0, 0;
    %load/vec4 v0x55ca2bf317e0_0;
    %cmpi/s 0, 0, 32;
    %flag_get/vec4 5;
    %assign/vec4 v0x55ca2bf319c0_0, 0;
    %load/vec4 v0x55ca2bf31500_0;
    %parti/s 1, 31, 6;
    %load/vec4 v0x55ca2bf31610_0;
    %parti/s 1, 31, 6;
    %load/vec4 v0x55ca2bf316e0_0;
    %pad/u 32;
    %pushi/vec4 1, 0, 32;
    %cmp/e;
    %flag_get/vec4 4;
    %xor;
    %and;
    %load/vec4 v0x55ca2bf317e0_0;
    %parti/s 1, 31, 6;
    %xor;
    %assign/vec4 v0x55ca2bf318d0_0, 0;
T_10.10 ;
    %jmp T_10;
    .thread T_10, $push;
    .scope S_0x55ca2bf253e0;
T_11 ;
    %pushi/vec4 0, 0, 65536;
    %assign/vec4 v0x55ca2bf25990_0, 0;
    %pushi/vec4 0, 0, 32;
    %assign/vec4 v0x55ca2bf25ac0_0, 0;
    %end;
    .thread T_11;
    .scope S_0x55ca2bf253e0;
T_12 ;
    %wait E_0x55ca2bea0150;
    %load/vec4 v0x55ca2bf25640_0;
    %flag_set/vec4 8;
    %jmp/0xz  T_12.0, 8;
    %load/vec4 v0x55ca2bf25990_0;
    %pushi/vec4 65504, 0, 18;
    %load/vec4 v0x55ca2bf25800_0;
    %parti/s 13, 0, 2;
    %ix/load 4, 3, 0;
    %flag_set/imm 4, 0;
    %shiftl 4;
    %pad/u 18;
    %sub;
    %part/s 32;
    %assign/vec4 v0x55ca2bf25ac0_0, 0;
T_12.0 ;
    %load/vec4 v0x55ca2bf25730_0;
    %flag_set/vec4 8;
    %jmp/0xz  T_12.2, 8;
    %load/vec4 v0x55ca2bf258d0_0;
    %ix/load 5, 0, 0;
    %pushi/vec4 65504, 0, 18;
    %load/vec4 v0x55ca2bf25800_0;
    %parti/s 13, 0, 2;
    %ix/load 6, 3, 0;
    %flag_set/imm 4, 0;
    %shiftl 6;
    %pad/u 18;
    %sub;
    %ix/vec4/s 4;
    %assign/vec4/off/d v0x55ca2bf25990_0, 4, 5;
T_12.2 ;
    %jmp T_12;
    .thread T_12, $push;
    .scope S_0x55ca2be8a000;
T_13 ;
    %pushi/vec4 0, 0, 1;
    %assign/vec4 v0x55ca2bde8450_0, 0;
    %end;
    .thread T_13;
    .scope S_0x55ca2be8a000;
T_14 ;
    %wait E_0x55ca2bddaab0;
    %load/vec4 v0x55ca2bde5ed0_0;
    %dup/vec4;
    %pushi/vec4 0, 0, 3;
    %cmp/u;
    %jmp/1 T_14.0, 6;
    %dup/vec4;
    %pushi/vec4 1, 0, 3;
    %cmp/u;
    %jmp/1 T_14.1, 6;
    %dup/vec4;
    %pushi/vec4 2, 0, 3;
    %cmp/u;
    %jmp/1 T_14.2, 6;
    %dup/vec4;
    %pushi/vec4 3, 0, 3;
    %cmp/u;
    %jmp/1 T_14.3, 6;
    %dup/vec4;
    %pushi/vec4 4, 0, 3;
    %cmp/u;
    %jmp/1 T_14.4, 6;
    %jmp T_14.5;
T_14.0 ;
    %pushi/vec4 0, 0, 1;
    %assign/vec4 v0x55ca2bde8450_0, 0;
    %jmp T_14.5;
T_14.1 ;
    %pushi/vec4 1, 0, 1;
    %assign/vec4 v0x55ca2bde8450_0, 0;
    %jmp T_14.5;
T_14.2 ;
    %load/vec4 v0x55ca2be22a10_0;
    %assign/vec4 v0x55ca2bde8450_0, 0;
    %jmp T_14.5;
T_14.3 ;
    %load/vec4 v0x55ca2be22a10_0;
    %inv;
    %load/vec4 v0x55ca2be48550_0;
    %inv;
    %and;
    %assign/vec4 v0x55ca2bde8450_0, 0;
    %jmp T_14.5;
T_14.4 ;
    %load/vec4 v0x55ca2be48550_0;
    %assign/vec4 v0x55ca2bde8450_0, 0;
    %jmp T_14.5;
T_14.5 ;
    %pop/vec4 1;
    %jmp T_14;
    .thread T_14, $push;
    .scope S_0x55ca2be938a0;
T_15 ;
    %wait E_0x55ca2bda1720;
    %load/vec4 v0x55ca2bf36120_0;
    %addi 1, 0, 3;
    %assign/vec4 v0x55ca2bf36120_0, 0;
    %jmp T_15;
    .thread T_15;
    .scope S_0x55ca2be938a0;
T_16 ;
    %pushi/vec4 0, 0, 3;
    %assign/vec4 v0x55ca2bf36120_0, 0;
    %pushi/vec4 65535, 0, 16;
    %assign/vec4 v0x55ca2bf364c0_0, 0;
    %pushi/vec4 0, 0, 32;
    %assign/vec4 v0x55ca2bf366f0_0, 0;
    %pushi/vec4 0, 0, 1;
    %assign/vec4 v0x55ca2bf367d0_0, 0;
    %end;
    .thread T_16;
    .scope S_0x55ca2be938a0;
T_17 ;
    %wait E_0x55ca2bdd9ac0;
    %load/vec4 v0x55ca2bf366f0_0;
    %dup/vec4;
    %pushi/vec4 0, 0, 32;
    %cmp/u;
    %jmp/1 T_17.0, 6;
    %dup/vec4;
    %pushi/vec4 1, 0, 32;
    %cmp/u;
    %jmp/1 T_17.1, 6;
    %dup/vec4;
    %pushi/vec4 2, 0, 32;
    %cmp/u;
    %jmp/1 T_17.2, 6;
    %dup/vec4;
    %pushi/vec4 3, 0, 32;
    %cmp/u;
    %jmp/1 T_17.3, 6;
    %jmp T_17.4;
T_17.0 ;
    %load/vec4 v0x55ca2bf362f0_0;
    %pad/u 32;
    %cmpi/e 0, 0, 32;
    %jmp/0xz  T_17.5, 4;
    %pushi/vec4 0, 0, 1;
    %assign/vec4 v0x55ca2bf367d0_0, 0;
    %pushi/vec4 1, 0, 32;
    %assign/vec4 v0x55ca2bf366f0_0, 0;
    %pushi/vec4 65535, 0, 16;
    %assign/vec4 v0x55ca2bf364c0_0, 0;
    %jmp T_17.6;
T_17.5 ;
    %pushi/vec4 1, 0, 1;
    %assign/vec4 v0x55ca2bf367d0_0, 0;
    %pushi/vec4 0, 0, 32;
    %assign/vec4 v0x55ca2bf366f0_0, 0;
    %load/vec4 v0x55ca2bf362f0_0;
    %ix/load 4, 0, 0;
    %ix/load 5, 0, 0;
    %flag_set/imm 4, 0;
    %assign/vec4/off/d v0x55ca2bf364c0_0, 4, 5;
T_17.6 ;
    %jmp T_17.4;
T_17.1 ;
    %pushi/vec4 65535, 0, 16;
    %assign/vec4 v0x55ca2bf364c0_0, 0;
    %pushi/vec4 2, 0, 32;
    %assign/vec4 v0x55ca2bf366f0_0, 0;
    %jmp T_17.4;
T_17.2 ;
    %load/vec4 v0x55ca2bf36890_0;
    %parti/s 16, 16, 6;
    %assign/vec4 v0x55ca2bf364c0_0, 0;
    %pushi/vec4 3, 0, 32;
    %assign/vec4 v0x55ca2bf366f0_0, 0;
    %pushi/vec4 0, 0, 1;
    %assign/vec4 v0x55ca2bf367d0_0, 0;
    %jmp T_17.4;
T_17.3 ;
    %load/vec4 v0x55ca2bf36890_0;
    %parti/s 16, 0, 2;
    %assign/vec4 v0x55ca2bf364c0_0, 0;
    %load/vec4 v0x55ca2bf36400_0;
    %flag_set/vec4 8;
    %jmp/0xz  T_17.7, 8;
    %pushi/vec4 0, 0, 32;
    %assign/vec4 v0x55ca2bf366f0_0, 0;
    %pushi/vec4 1, 0, 1;
    %assign/vec4 v0x55ca2bf367d0_0, 0;
    %jmp T_17.8;
T_17.7 ;
    %pushi/vec4 1, 0, 32;
    %assign/vec4 v0x55ca2bf366f0_0, 0;
T_17.8 ;
    %jmp T_17.4;
T_17.4 ;
    %pop/vec4 1;
    %jmp T_17;
    .thread T_17;
    .scope S_0x55ca2be8c5a0;
T_18 ;
    %delay 1, 0;
    %load/vec4 v0x55ca2bf36a90_0;
    %inv;
    %store/vec4 v0x55ca2bf36a90_0, 0, 1;
    %jmp T_18;
    .thread T_18;
    .scope S_0x55ca2be8c5a0;
T_19 ;
    %vpi_call 2 9 "$dumpfile", "test.vcd" {0 0 0};
    %vpi_call 2 10 "$dumpvars", 32'sb00000000000000000000000000000000, S_0x55ca2be8c5a0 {0 0 0};
    %pushi/vec4 0, 0, 1;
    %store/vec4 v0x55ca2bf36a90_0, 0, 1;
    %pushi/vec4 0, 0, 1;
    %store/vec4 v0x55ca2bf369d0_0, 0, 1;
    %pushi/vec4 1, 0, 1;
    %store/vec4 v0x55ca2bf36b50_0, 0, 1;
    %delay 7000, 0;
    %vpi_call 2 14 "$finish" {0 0 0};
    %end;
    .thread T_19;
# The file index is used to find the file name in the following table.
:file_names 20;
    "N/A";
    "<interactive>";
    "test.v";
    "fpga_top.v";
    "top .v";
    "branch_control.v";
    "control_unit.v";
    "data_path.v";
    "data_mem.v";
    "instr_mem.v";
    "mux_32b_3_to_1.v";
    "mux_32b_2_to_1.v";
    "mux_5b_2_to_1.v";
    "mux_5b_3_to_1.v";
    "pc.v";
    "pc_adder.v";
    "regbank.v";
    "signex_18_to_32.v";
    "signex_28_to_32.v";
    "ALU.v";
